2015-08-30 3:47 8 Undefined index: image_test in file /SugarSync/Web/twaframework.8.2/system/framework/twaApp.php on Line 178
2015-08-30 3:47 
2015-08-30 3:47 2 filesize(): stat failed for http://www.alisoncookbeattydance.org/wp-content/uploads/2013/03/Dancing-As-a-Positive-Distraction.jpg in file /SugarSync/Web/twaframework.8.2/system/framework/twaFile.php on Line 102
2015-08-30 3:47 8 Undefined index: home in file /SugarSync/Web/twaframework.8.2/system/framework/twaApp.php on Line 178
2015-08-30 3:47 8 Undefined property: twaConfig::$twa_API_KEY in file /SugarSync/Web/twaframework.8.2/system/framework/twaAnalytics.php on Line 27
2015-08-30 3:47 8 Undefined index: home in file /SugarSync/Web/twaframework.8.2/system/framework/twaController.php on Line 132
2015-08-30 3:47 8 Undefined property: twaConfig::$twa_API_KEY in file /SugarSync/Web/twaframework.8.2/web_content/pages/home/home.php on Line 59
2015-08-30 3:47 8 Undefined property: twaConfig::$twa_API_KEY in file /SugarSync/Web/twaframework.8.2/web_content/pages/home/home.php on Line 61
2015-08-30 3:47 8 Undefined property: twaConfig::$twa_API_KEY in file /SugarSync/Web/twaframework.8.2/web_content/pages/home/home.php on Line 64
2015-08-30 3:47 8 Undefined index: image_test in file /SugarSync/Web/twaframework.8.2/system/framework/twaApp.php on Line 178
2015-08-30 3:47 
2015-08-30 3:47 2 filesize(): stat failed for http://www.alisoncookbeattydance.org/wp-content/uploads/2013/03/Dancing-As-a-Positive-Distraction.jpg in file /SugarSync/Web/twaframework.8.2/system/framework/twaFile.php on Line 102
2015-08-30 3:47 8 Undefined index: home in file /SugarSync/Web/twaframework.8.2/system/framework/twaApp.php on Line 178
2015-08-30 3:47 8 Undefined property: twaConfig::$twa_API_KEY in file /SugarSync/Web/twaframework.8.2/system/framework/twaAnalytics.php on Line 27
2015-08-30 3:47 8 Undefined index: home in file /SugarSync/Web/twaframework.8.2/system/framework/twaController.php on Line 132
2015-08-30 3:47 8 Undefined property: twaConfig::$twa_API_KEY in file /SugarSync/Web/twaframework.8.2/web_content/pages/home/home.php on Line 59
2015-08-30 3:47 8 Undefined property: twaConfig::$twa_API_KEY in file /SugarSync/Web/twaframework.8.2/web_content/pages/home/home.php on Line 61
2015-08-30 3:47 8 Undefined property: twaConfig::$twa_API_KEY in file /SugarSync/Web/twaframework.8.2/web_content/pages/home/home.php on Line 64
2015-08-30 3:48 8 Undefined index: image_test in file /SugarSync/Web/twaframework.8.2/system/framework/twaApp.php on Line 178
2015-08-30 3:48 
2015-08-30 3:48 2 filesize(): stat failed for http://www.alisoncookbeattydance.org/wp-content/uploads/2013/03/Dancing-As-a-Positive-Distraction.jpg in file /SugarSync/Web/twaframework.8.2/system/framework/twaFile.php on Line 102
2015-08-30 3:48 8 Undefined index: home in file /SugarSync/Web/twaframework.8.2/system/framework/twaApp.php on Line 178
2015-08-30 3:48 8 Undefined property: twaConfig::$twa_API_KEY in file /SugarSync/Web/twaframework.8.2/system/framework/twaAnalytics.php on Line 27
2015-08-30 3:48 8 Undefined index: home in file /SugarSync/Web/twaframework.8.2/system/framework/twaController.php on Line 132
2015-08-30 3:48 8 Undefined property: twaConfig::$twa_API_KEY in file /SugarSync/Web/twaframework.8.2/web_content/pages/home/home.php on Line 59
2015-08-30 3:48 8 Undefined property: twaConfig::$twa_API_KEY in file /SugarSync/Web/twaframework.8.2/web_content/pages/home/home.php on Line 61
2015-08-30 3:48 8 Undefined property: twaConfig::$twa_API_KEY in file /SugarSync/Web/twaframework.8.2/web_content/pages/home/home.php on Line 64
2015-08-30 3:49 8 Undefined index: home in file /SugarSync/Web/twaframework.8.2/system/framework/twaApp.php on Line 178
2015-08-30 3:49 8 Undefined property: twaConfig::$twa_API_KEY in file /SugarSync/Web/twaframework.8.2/system/framework/twaAnalytics.php on Line 27
2015-08-30 3:49 8 Undefined index: home in file /SugarSync/Web/twaframework.8.2/system/framework/twaController.php on Line 132
2015-08-30 3:49 8 Undefined property: twaConfig::$twa_API_KEY in file /SugarSync/Web/twaframework.8.2/web_content/pages/home/home.php on Line 59
2015-08-30 3:49 8 Undefined property: twaConfig::$twa_API_KEY in file /SugarSync/Web/twaframework.8.2/web_content/pages/home/home.php on Line 61
2015-08-30 3:49 8 Undefined property: twaConfig::$twa_API_KEY in file /SugarSync/Web/twaframework.8.2/web_content/pages/home/home.php on Line 64
2015-08-30 3:52 8 Undefined index: image_test in file /SugarSync/Web/twaframework.8.2/system/framework/twaApp.php on Line 179
2015-08-30 3:52 
2015-08-30 3:52 2 filesize(): stat failed for http://www.alisoncookbeattydance.org/wp-content/uploads/2013/03/Dancing-As-a-Positive-Distraction.jpg in file /SugarSync/Web/twaframework.8.2/system/framework/twaFile.php on Line 102
2015-08-30 3:52 8 Undefined index: home in file /SugarSync/Web/twaframework.8.2/system/framework/twaApp.php on Line 179
2015-08-30 3:52 8 Undefined property: twaConfig::$twa_API_KEY in file /SugarSync/Web/twaframework.8.2/system/framework/twaAnalytics.php on Line 27
2015-08-30 3:52 8 Undefined index: home in file /SugarSync/Web/twaframework.8.2/system/framework/twaController.php on Line 138
2015-08-30 3:52 8 Undefined property: twaConfig::$twa_API_KEY in file /SugarSync/Web/twaframework.8.2/web_content/pages/home/home.php on Line 59
2015-08-30 3:52 8 Undefined property: twaConfig::$twa_API_KEY in file /SugarSync/Web/twaframework.8.2/web_content/pages/home/home.php on Line 61
2015-08-30 3:52 8 Undefined property: twaConfig::$twa_API_KEY in file /SugarSync/Web/twaframework.8.2/web_content/pages/home/home.php on Line 64
