2015-08-25 8:02 8 Undefined index: home in file /SugarSync/Web/twaframework.8.2/system/framework/twaApp.php on Line 178
2015-08-25 8:02 8 Undefined property: twaConfig::$twa_API_KEY in file /SugarSync/Web/twaframework.8.2/system/framework/twaAnalytics.php on Line 27
2015-08-25 8:02 8 Undefined index: home in file /SugarSync/Web/twaframework.8.2/system/framework/twaController.php on Line 132
2015-08-25 8:02 8 Undefined property: twaConfig::$twa_API_KEY in file /SugarSync/Web/twaframework.8.2/web_content/pages/home/home.php on Line 59
2015-08-25 8:02 8 Undefined property: twaConfig::$twa_API_KEY in file /SugarSync/Web/twaframework.8.2/web_content/pages/home/home.php on Line 61
2015-08-25 8:02 8 Undefined property: twaConfig::$twa_API_KEY in file /SugarSync/Web/twaframework.8.2/web_content/pages/home/home.php on Line 64
2015-08-25 8:02 8 Undefined index: home in file /SugarSync/Web/twaframework.8.2/system/framework/twaApp.php on Line 178
2015-08-25 8:02 8 Undefined property: twaConfig::$twa_API_KEY in file /SugarSync/Web/twaframework.8.2/system/framework/twaAnalytics.php on Line 27
2015-08-25 8:02 8 Undefined index: home in file /SugarSync/Web/twaframework.8.2/system/framework/twaController.php on Line 132
2015-08-25 8:02 8 Undefined property: twaConfig::$twa_API_KEY in file /SugarSync/Web/twaframework.8.2/web_content/pages/home/home.php on Line 59
2015-08-25 8:02 8 Undefined property: twaConfig::$twa_API_KEY in file /SugarSync/Web/twaframework.8.2/web_content/pages/home/home.php on Line 61
2015-08-25 8:02 8 Undefined property: twaConfig::$twa_API_KEY in file /SugarSync/Web/twaframework.8.2/web_content/pages/home/home.php on Line 64
2015-08-25 8:02 8 Undefined index: home in file /SugarSync/Web/twaframework.8.2/system/framework/twaApp.php on Line 178
2015-08-25 8:02 8 Undefined property: twaConfig::$twa_API_KEY in file /SugarSync/Web/twaframework.8.2/system/framework/twaAnalytics.php on Line 27
2015-08-25 8:02 8 Undefined index: home in file /SugarSync/Web/twaframework.8.2/system/framework/twaController.php on Line 132
2015-08-25 8:02 8 Undefined property: twaConfig::$twa_API_KEY in file /SugarSync/Web/twaframework.8.2/web_content/pages/home/home.php on Line 59
2015-08-25 8:02 8 Undefined property: twaConfig::$twa_API_KEY in file /SugarSync/Web/twaframework.8.2/web_content/pages/home/home.php on Line 61
2015-08-25 8:02 8 Undefined property: twaConfig::$twa_API_KEY in file /SugarSync/Web/twaframework.8.2/web_content/pages/home/home.php on Line 64
2015-08-25 8:03 8 Undefined index: image_test in file /SugarSync/Web/twaframework.8.2/system/framework/twaApp.php on Line 178
2015-08-25 8:03 
2015-08-25 8:03 2048 Non-static method twaRouter::checkRemoteFile() should not be called statically, assuming $this from incompatible context in file /SugarSync/Web/twaframework.8.2/system/framework/twaImage.php on Line 87
2015-08-25 8:03 2 filesize(): stat failed for http://www.alisoncookbeattydance.org/wp-content/uploads/2013/03/Dancing-As-a-Positive-Distraction.jpg in file /SugarSync/Web/twaframework.8.2/system/framework/twaFile.php on Line 102
2015-08-25 8:03 8 Undefined property: twaConfig::$twa_API_KEY in file /SugarSync/Web/twaframework.8.2/system/framework/twaAnalytics.php on Line 27
2015-08-25 8:03 8 Undefined index: image_test in file /SugarSync/Web/twaframework.8.2/system/framework/twaController.php on Line 132
2015-08-25 8:03 8 Undefined index: home in file /SugarSync/Web/twaframework.8.2/system/framework/twaApp.php on Line 178
2015-08-25 8:03 8 Undefined property: twaConfig::$twa_API_KEY in file /SugarSync/Web/twaframework.8.2/system/framework/twaAnalytics.php on Line 27
2015-08-25 8:03 8 Undefined index: home in file /SugarSync/Web/twaframework.8.2/system/framework/twaController.php on Line 132
2015-08-25 8:03 8 Undefined property: twaConfig::$twa_API_KEY in file /SugarSync/Web/twaframework.8.2/web_content/pages/home/home.php on Line 59
2015-08-25 8:03 8 Undefined property: twaConfig::$twa_API_KEY in file /SugarSync/Web/twaframework.8.2/web_content/pages/home/home.php on Line 61
2015-08-25 8:03 8 Undefined property: twaConfig::$twa_API_KEY in file /SugarSync/Web/twaframework.8.2/web_content/pages/home/home.php on Line 64
2015-08-25 8:04 8 Undefined index: image_test in file /SugarSync/Web/twaframework.8.2/system/framework/twaApp.php on Line 178
2015-08-25 8:04 
2015-08-25 8:04 2048 Non-static method twaRouter::checkRemoteFile() should not be called statically, assuming $this from incompatible context in file /SugarSync/Web/twaframework.8.2/system/framework/twaImage.php on Line 87
2015-08-25 8:04 2 filesize(): stat failed for http://www.alisoncookbeattydance.org/wp-content/uploads/2013/03/Dancing-As-a-Positive-Distraction.jpg in file /SugarSync/Web/twaframework.8.2/system/framework/twaFile.php on Line 102
2015-08-25 8:04 8 Undefined property: twaConfig::$twa_API_KEY in file /SugarSync/Web/twaframework.8.2/system/framework/twaAnalytics.php on Line 27
2015-08-25 8:04 8 Undefined index: image_test in file /SugarSync/Web/twaframework.8.2/system/framework/twaController.php on Line 132
2015-08-25 8:04 8 Undefined index: home in file /SugarSync/Web/twaframework.8.2/system/framework/twaApp.php on Line 178
2015-08-25 8:04 8 Undefined property: twaConfig::$twa_API_KEY in file /SugarSync/Web/twaframework.8.2/system/framework/twaAnalytics.php on Line 27
2015-08-25 8:04 8 Undefined index: home in file /SugarSync/Web/twaframework.8.2/system/framework/twaController.php on Line 132
2015-08-25 8:04 8 Undefined property: twaConfig::$twa_API_KEY in file /SugarSync/Web/twaframework.8.2/web_content/pages/home/home.php on Line 59
2015-08-25 8:04 8 Undefined property: twaConfig::$twa_API_KEY in file /SugarSync/Web/twaframework.8.2/web_content/pages/home/home.php on Line 61
2015-08-25 8:04 8 Undefined property: twaConfig::$twa_API_KEY in file /SugarSync/Web/twaframework.8.2/web_content/pages/home/home.php on Line 64
2015-08-25 8:04 8 Undefined index: home in file /SugarSync/Web/twaframework.8.2/system/framework/twaApp.php on Line 178
2015-08-25 8:04 8 Undefined property: twaConfig::$twa_API_KEY in file /SugarSync/Web/twaframework.8.2/system/framework/twaAnalytics.php on Line 27
2015-08-25 8:04 8 Undefined index: home in file /SugarSync/Web/twaframework.8.2/system/framework/twaController.php on Line 132
2015-08-25 8:04 8 Undefined property: twaConfig::$twa_API_KEY in file /SugarSync/Web/twaframework.8.2/web_content/pages/home/home.php on Line 59
2015-08-25 8:04 8 Undefined property: twaConfig::$twa_API_KEY in file /SugarSync/Web/twaframework.8.2/web_content/pages/home/home.php on Line 61
2015-08-25 8:04 8 Undefined property: twaConfig::$twa_API_KEY in file /SugarSync/Web/twaframework.8.2/web_content/pages/home/home.php on Line 64
2015-08-25 8:06 8 Undefined index: image_test in file /SugarSync/Web/twaframework.8.2/system/framework/twaApp.php on Line 178
2015-08-25 8:06 
2015-08-25 8:06 2048 Non-static method twaRouter::checkRemoteFile() should not be called statically, assuming $this from incompatible context in file /SugarSync/Web/twaframework.8.2/system/framework/twaImage.php on Line 87
2015-08-25 8:06 2 filesize(): stat failed for http://www.alisoncookbeattydance.org/wp-content/uploads/2013/03/Dancing-As-a-Positive-Distraction.jpg in file /SugarSync/Web/twaframework.8.2/system/framework/twaFile.php on Line 102
2015-08-25 8:06 8 Undefined property: twaConfig::$twa_API_KEY in file /SugarSync/Web/twaframework.8.2/system/framework/twaAnalytics.php on Line 27
2015-08-25 8:06 8 Undefined index: image_test in file /SugarSync/Web/twaframework.8.2/system/framework/twaController.php on Line 132
2015-08-25 8:06 8 Undefined index: home in file /SugarSync/Web/twaframework.8.2/system/framework/twaApp.php on Line 178
2015-08-25 8:06 8 Undefined property: twaConfig::$twa_API_KEY in file /SugarSync/Web/twaframework.8.2/system/framework/twaAnalytics.php on Line 27
2015-08-25 8:06 8 Undefined index: home in file /SugarSync/Web/twaframework.8.2/system/framework/twaController.php on Line 132
2015-08-25 8:06 8 Undefined property: twaConfig::$twa_API_KEY in file /SugarSync/Web/twaframework.8.2/web_content/pages/home/home.php on Line 59
2015-08-25 8:06 8 Undefined property: twaConfig::$twa_API_KEY in file /SugarSync/Web/twaframework.8.2/web_content/pages/home/home.php on Line 61
2015-08-25 8:06 8 Undefined property: twaConfig::$twa_API_KEY in file /SugarSync/Web/twaframework.8.2/web_content/pages/home/home.php on Line 64
2015-08-25 8:06 8 Undefined index: image_test in file /SugarSync/Web/twaframework.8.2/system/framework/twaApp.php on Line 178
2015-08-25 8:06 
2015-08-25 8:06 2048 Non-static method twaRouter::checkRemoteFile() should not be called statically, assuming $this from incompatible context in file /SugarSync/Web/twaframework.8.2/system/framework/twaImage.php on Line 87
2015-08-25 8:06 2 filesize(): stat failed for http://www.alisoncookbeattydance.org/wp-content/uploads/2013/03/Dancing-As-a-Positive-Distraction.jpg in file /SugarSync/Web/twaframework.8.2/system/framework/twaFile.php on Line 102
2015-08-25 8:06 8 Undefined property: twaConfig::$twa_API_KEY in file /SugarSync/Web/twaframework.8.2/system/framework/twaAnalytics.php on Line 27
2015-08-25 8:06 8 Undefined index: image_test in file /SugarSync/Web/twaframework.8.2/system/framework/twaController.php on Line 132
2015-08-25 8:06 8 Undefined index: home in file /SugarSync/Web/twaframework.8.2/system/framework/twaApp.php on Line 178
2015-08-25 8:06 8 Undefined property: twaConfig::$twa_API_KEY in file /SugarSync/Web/twaframework.8.2/system/framework/twaAnalytics.php on Line 27
2015-08-25 8:06 8 Undefined index: home in file /SugarSync/Web/twaframework.8.2/system/framework/twaController.php on Line 132
2015-08-25 8:06 8 Undefined property: twaConfig::$twa_API_KEY in file /SugarSync/Web/twaframework.8.2/web_content/pages/home/home.php on Line 59
2015-08-25 8:06 8 Undefined property: twaConfig::$twa_API_KEY in file /SugarSync/Web/twaframework.8.2/web_content/pages/home/home.php on Line 61
2015-08-25 8:06 8 Undefined property: twaConfig::$twa_API_KEY in file /SugarSync/Web/twaframework.8.2/web_content/pages/home/home.php on Line 64
2015-08-25 8:07 8 Undefined index: image_test in file /SugarSync/Web/twaframework.8.2/system/framework/twaApp.php on Line 178
2015-08-25 8:07 
2015-08-25 8:07 2048 Non-static method twaRouter::checkRemoteFile() should not be called statically, assuming $this from incompatible context in file /SugarSync/Web/twaframework.8.2/system/framework/twaImage.php on Line 87
2015-08-25 8:07 2 filesize(): stat failed for http://www.alisoncookbeattydance.org/wp-content/uploads/2013/03/Dancing-As-a-Positive-Distraction.jpg in file /SugarSync/Web/twaframework.8.2/system/framework/twaFile.php on Line 102
2015-08-25 8:07 8 Undefined property: twaConfig::$twa_API_KEY in file /SugarSync/Web/twaframework.8.2/system/framework/twaAnalytics.php on Line 27
2015-08-25 8:07 8 Undefined index: image_test in file /SugarSync/Web/twaframework.8.2/system/framework/twaController.php on Line 132
2015-08-25 8:07 8 Undefined index: home in file /SugarSync/Web/twaframework.8.2/system/framework/twaApp.php on Line 178
2015-08-25 8:07 8 Undefined property: twaConfig::$twa_API_KEY in file /SugarSync/Web/twaframework.8.2/system/framework/twaAnalytics.php on Line 27
2015-08-25 8:07 8 Undefined index: home in file /SugarSync/Web/twaframework.8.2/system/framework/twaController.php on Line 132
2015-08-25 8:07 8 Undefined property: twaConfig::$twa_API_KEY in file /SugarSync/Web/twaframework.8.2/web_content/pages/home/home.php on Line 59
2015-08-25 8:07 8 Undefined property: twaConfig::$twa_API_KEY in file /SugarSync/Web/twaframework.8.2/web_content/pages/home/home.php on Line 61
2015-08-25 8:07 8 Undefined property: twaConfig::$twa_API_KEY in file /SugarSync/Web/twaframework.8.2/web_content/pages/home/home.php on Line 64
2015-08-25 8:08 8 Undefined index: image_test in file /SugarSync/Web/twaframework.8.2/system/framework/twaApp.php on Line 178
2015-08-25 8:08 
2015-08-25 8:08 2048 Non-static method twaRouter::checkRemoteFile() should not be called statically, assuming $this from incompatible context in file /SugarSync/Web/twaframework.8.2/system/framework/twaImage.php on Line 87
2015-08-25 8:08 2 filesize(): stat failed for http://www.alisoncookbeattydance.org/wp-content/uploads/2013/03/Dancing-As-a-Positive-Distraction.jpg in file /SugarSync/Web/twaframework.8.2/system/framework/twaFile.php on Line 102
2015-08-25 8:08 8 Undefined property: twaConfig::$twa_API_KEY in file /SugarSync/Web/twaframework.8.2/system/framework/twaAnalytics.php on Line 27
2015-08-25 8:08 8 Undefined index: image_test in file /SugarSync/Web/twaframework.8.2/system/framework/twaController.php on Line 132
2015-08-25 8:08 8 Undefined index: home in file /SugarSync/Web/twaframework.8.2/system/framework/twaApp.php on Line 178
2015-08-25 8:08 8 Undefined property: twaConfig::$twa_API_KEY in file /SugarSync/Web/twaframework.8.2/system/framework/twaAnalytics.php on Line 27
2015-08-25 8:08 8 Undefined index: home in file /SugarSync/Web/twaframework.8.2/system/framework/twaController.php on Line 132
2015-08-25 8:08 8 Undefined property: twaConfig::$twa_API_KEY in file /SugarSync/Web/twaframework.8.2/web_content/pages/home/home.php on Line 59
2015-08-25 8:08 8 Undefined property: twaConfig::$twa_API_KEY in file /SugarSync/Web/twaframework.8.2/web_content/pages/home/home.php on Line 61
2015-08-25 8:08 8 Undefined property: twaConfig::$twa_API_KEY in file /SugarSync/Web/twaframework.8.2/web_content/pages/home/home.php on Line 64
2015-08-25 8:08 8 Undefined index: home in file /SugarSync/Web/twaframework.8.2/system/framework/twaApp.php on Line 178
2015-08-25 8:08 8 Undefined property: twaConfig::$twa_API_KEY in file /SugarSync/Web/twaframework.8.2/system/framework/twaAnalytics.php on Line 27
2015-08-25 8:08 8 Undefined index: home in file /SugarSync/Web/twaframework.8.2/system/framework/twaController.php on Line 132
2015-08-25 8:08 8 Undefined property: twaConfig::$twa_API_KEY in file /SugarSync/Web/twaframework.8.2/web_content/pages/home/home.php on Line 59
2015-08-25 8:08 8 Undefined property: twaConfig::$twa_API_KEY in file /SugarSync/Web/twaframework.8.2/web_content/pages/home/home.php on Line 61
2015-08-25 8:08 8 Undefined property: twaConfig::$twa_API_KEY in file /SugarSync/Web/twaframework.8.2/web_content/pages/home/home.php on Line 64
2015-08-25 8:09 8 Undefined index: image_test in file /SugarSync/Web/twaframework.8.2/system/framework/twaApp.php on Line 178
2015-08-25 8:09 
2015-08-25 8:09 2048 Non-static method twaRouter::checkRemoteFile() should not be called statically, assuming $this from incompatible context in file /SugarSync/Web/twaframework.8.2/system/framework/twaImage.php on Line 87
2015-08-25 8:09 2 filesize(): stat failed for http://www.alisoncookbeattydance.org/wp-content/uploads/2013/03/Dancing-As-a-Positive-Distraction.jpg in file /SugarSync/Web/twaframework.8.2/system/framework/twaFile.php on Line 102
2015-08-25 8:09 8 Undefined property: twaConfig::$twa_API_KEY in file /SugarSync/Web/twaframework.8.2/system/framework/twaAnalytics.php on Line 27
2015-08-25 8:09 8 Undefined index: image_test in file /SugarSync/Web/twaframework.8.2/system/framework/twaController.php on Line 132
2015-08-25 8:09 8 Undefined index: home in file /SugarSync/Web/twaframework.8.2/system/framework/twaApp.php on Line 178
2015-08-25 8:09 8 Undefined property: twaConfig::$twa_API_KEY in file /SugarSync/Web/twaframework.8.2/system/framework/twaAnalytics.php on Line 27
2015-08-25 8:09 8 Undefined index: home in file /SugarSync/Web/twaframework.8.2/system/framework/twaController.php on Line 132
2015-08-25 8:09 8 Undefined property: twaConfig::$twa_API_KEY in file /SugarSync/Web/twaframework.8.2/web_content/pages/home/home.php on Line 59
2015-08-25 8:09 8 Undefined property: twaConfig::$twa_API_KEY in file /SugarSync/Web/twaframework.8.2/web_content/pages/home/home.php on Line 61
2015-08-25 8:09 8 Undefined property: twaConfig::$twa_API_KEY in file /SugarSync/Web/twaframework.8.2/web_content/pages/home/home.php on Line 64
2015-08-25 8:09 8 Undefined index: home in file /SugarSync/Web/twaframework.8.2/system/framework/twaApp.php on Line 178
2015-08-25 8:09 8 Undefined property: twaConfig::$twa_API_KEY in file /SugarSync/Web/twaframework.8.2/system/framework/twaAnalytics.php on Line 27
2015-08-25 8:09 8 Undefined index: home in file /SugarSync/Web/twaframework.8.2/system/framework/twaController.php on Line 132
2015-08-25 8:09 8 Undefined property: twaConfig::$twa_API_KEY in file /SugarSync/Web/twaframework.8.2/web_content/pages/home/home.php on Line 59
2015-08-25 8:09 8 Undefined property: twaConfig::$twa_API_KEY in file /SugarSync/Web/twaframework.8.2/web_content/pages/home/home.php on Line 61
2015-08-25 8:09 8 Undefined property: twaConfig::$twa_API_KEY in file /SugarSync/Web/twaframework.8.2/web_content/pages/home/home.php on Line 64
2015-08-25 8:09 8 Undefined index: image_test in file /SugarSync/Web/twaframework.8.2/system/framework/twaApp.php on Line 178
2015-08-25 8:09 
2015-08-25 8:09 2048 Non-static method twaRouter::checkRemoteFile() should not be called statically, assuming $this from incompatible context in file /SugarSync/Web/twaframework.8.2/system/framework/twaImage.php on Line 87
2015-08-25 8:09 2 filesize(): stat failed for http://www.alisoncookbeattydance.org/wp-content/uploads/2013/03/Dancing-As-a-Positive-Distraction.jpg in file /SugarSync/Web/twaframework.8.2/system/framework/twaFile.php on Line 102
2015-08-25 8:09 8 Undefined property: twaConfig::$twa_API_KEY in file /SugarSync/Web/twaframework.8.2/system/framework/twaAnalytics.php on Line 27
2015-08-25 8:09 8 Undefined index: image_test in file /SugarSync/Web/twaframework.8.2/system/framework/twaController.php on Line 132
2015-08-25 8:09 8 Undefined index: home in file /SugarSync/Web/twaframework.8.2/system/framework/twaApp.php on Line 178
2015-08-25 8:09 8 Undefined property: twaConfig::$twa_API_KEY in file /SugarSync/Web/twaframework.8.2/system/framework/twaAnalytics.php on Line 27
2015-08-25 8:09 8 Undefined index: home in file /SugarSync/Web/twaframework.8.2/system/framework/twaController.php on Line 132
2015-08-25 8:09 8 Undefined property: twaConfig::$twa_API_KEY in file /SugarSync/Web/twaframework.8.2/web_content/pages/home/home.php on Line 59
2015-08-25 8:09 8 Undefined property: twaConfig::$twa_API_KEY in file /SugarSync/Web/twaframework.8.2/web_content/pages/home/home.php on Line 61
2015-08-25 8:09 8 Undefined property: twaConfig::$twa_API_KEY in file /SugarSync/Web/twaframework.8.2/web_content/pages/home/home.php on Line 64
2015-08-25 8:09 8 Undefined index: home in file /SugarSync/Web/twaframework.8.2/system/framework/twaApp.php on Line 178
2015-08-25 8:09 8 Undefined property: twaConfig::$twa_API_KEY in file /SugarSync/Web/twaframework.8.2/system/framework/twaAnalytics.php on Line 27
2015-08-25 8:09 8 Undefined index: home in file /SugarSync/Web/twaframework.8.2/system/framework/twaController.php on Line 132
2015-08-25 8:09 8 Undefined property: twaConfig::$twa_API_KEY in file /SugarSync/Web/twaframework.8.2/web_content/pages/home/home.php on Line 59
2015-08-25 8:09 8 Undefined property: twaConfig::$twa_API_KEY in file /SugarSync/Web/twaframework.8.2/web_content/pages/home/home.php on Line 61
2015-08-25 8:09 8 Undefined property: twaConfig::$twa_API_KEY in file /SugarSync/Web/twaframework.8.2/web_content/pages/home/home.php on Line 64
2015-08-25 10:37 8 Undefined index: image_test in file /SugarSync/Web/twaframework.8.2/system/framework/twaApp.php on Line 178
2015-08-25 10:37 
2015-08-25 10:37 2 filesize(): stat failed for http://www.alisoncookbeattydance.org/wp-content/uploads/2013/03/Dancing-As-a-Positive-Distraction.jpg in file /SugarSync/Web/twaframework.8.2/system/framework/twaFile.php on Line 102
2015-08-25 10:37 8 Undefined property: twaConfig::$twa_API_KEY in file /SugarSync/Web/twaframework.8.2/system/framework/twaAnalytics.php on Line 27
2015-08-25 10:37 8 Undefined index: image_test in file /SugarSync/Web/twaframework.8.2/system/framework/twaController.php on Line 132
2015-08-25 10:37 8 Undefined index: home in file /SugarSync/Web/twaframework.8.2/system/framework/twaApp.php on Line 178
2015-08-25 10:37 8 Undefined property: twaConfig::$twa_API_KEY in file /SugarSync/Web/twaframework.8.2/system/framework/twaAnalytics.php on Line 27
2015-08-25 10:37 8 Undefined index: home in file /SugarSync/Web/twaframework.8.2/system/framework/twaController.php on Line 132
2015-08-25 10:37 8 Undefined property: twaConfig::$twa_API_KEY in file /SugarSync/Web/twaframework.8.2/web_content/pages/home/home.php on Line 59
2015-08-25 10:37 8 Undefined property: twaConfig::$twa_API_KEY in file /SugarSync/Web/twaframework.8.2/web_content/pages/home/home.php on Line 61
2015-08-25 10:37 8 Undefined property: twaConfig::$twa_API_KEY in file /SugarSync/Web/twaframework.8.2/web_content/pages/home/home.php on Line 64
2015-08-25 10:38 8 Undefined index: image_test in file /SugarSync/Web/twaframework.8.2/system/framework/twaApp.php on Line 178
2015-08-25 10:38 
2015-08-25 10:38 2 filesize(): stat failed for http://www.alisoncookbeattydance.org/wp-content/uploads/2013/03/Dancing-As-a-Positive-Distraction.jpg in file /SugarSync/Web/twaframework.8.2/system/framework/twaFile.php on Line 102
2015-08-25 10:38 8 Undefined property: twaConfig::$twa_API_KEY in file /SugarSync/Web/twaframework.8.2/system/framework/twaAnalytics.php on Line 27
2015-08-25 10:38 8 Undefined index: image_test in file /SugarSync/Web/twaframework.8.2/system/framework/twaController.php on Line 132
2015-08-25 10:38 8 Undefined index: home in file /SugarSync/Web/twaframework.8.2/system/framework/twaApp.php on Line 178
2015-08-25 10:38 8 Undefined property: twaConfig::$twa_API_KEY in file /SugarSync/Web/twaframework.8.2/system/framework/twaAnalytics.php on Line 27
2015-08-25 10:38 8 Undefined index: home in file /SugarSync/Web/twaframework.8.2/system/framework/twaController.php on Line 132
2015-08-25 10:38 8 Undefined property: twaConfig::$twa_API_KEY in file /SugarSync/Web/twaframework.8.2/web_content/pages/home/home.php on Line 59
2015-08-25 10:38 8 Undefined property: twaConfig::$twa_API_KEY in file /SugarSync/Web/twaframework.8.2/web_content/pages/home/home.php on Line 61
2015-08-25 10:38 8 Undefined property: twaConfig::$twa_API_KEY in file /SugarSync/Web/twaframework.8.2/web_content/pages/home/home.php on Line 64
2015-08-25 10:39 8 Undefined index: image_test in file /SugarSync/Web/twaframework.8.2/system/framework/twaApp.php on Line 178
2015-08-25 10:39 
2015-08-25 10:39 2 filesize(): stat failed for http://www.alisoncookbeattydance.org/wp-content/uploads/2013/03/Dancing-As-a-Positive-Distraction.jpg in file /SugarSync/Web/twaframework.8.2/system/framework/twaFile.php on Line 102
2015-08-25 10:39 8 Undefined property: twaConfig::$twa_API_KEY in file /SugarSync/Web/twaframework.8.2/system/framework/twaAnalytics.php on Line 27
2015-08-25 10:39 8 Undefined index: image_test in file /SugarSync/Web/twaframework.8.2/system/framework/twaController.php on Line 132
2015-08-25 10:39 8 Undefined index: home in file /SugarSync/Web/twaframework.8.2/system/framework/twaApp.php on Line 178
2015-08-25 10:39 8 Undefined property: twaConfig::$twa_API_KEY in file /SugarSync/Web/twaframework.8.2/system/framework/twaAnalytics.php on Line 27
2015-08-25 10:39 8 Undefined index: home in file /SugarSync/Web/twaframework.8.2/system/framework/twaController.php on Line 132
2015-08-25 10:39 8 Undefined property: twaConfig::$twa_API_KEY in file /SugarSync/Web/twaframework.8.2/web_content/pages/home/home.php on Line 59
2015-08-25 10:39 8 Undefined property: twaConfig::$twa_API_KEY in file /SugarSync/Web/twaframework.8.2/web_content/pages/home/home.php on Line 61
2015-08-25 10:39 8 Undefined property: twaConfig::$twa_API_KEY in file /SugarSync/Web/twaframework.8.2/web_content/pages/home/home.php on Line 64
2015-08-25 10:39 8 Undefined index: image_test in file /SugarSync/Web/twaframework.8.2/system/framework/twaApp.php on Line 178
2015-08-25 10:39 
2015-08-25 10:39 2 filesize(): stat failed for http://www.alisoncookbeattydance.org/wp-content/uploads/2013/03/Dancing-As-a-Positive-Distraction.jpg in file /SugarSync/Web/twaframework.8.2/system/framework/twaFile.php on Line 102
2015-08-25 10:39 8 Undefined property: twaConfig::$twa_API_KEY in file /SugarSync/Web/twaframework.8.2/system/framework/twaAnalytics.php on Line 27
2015-08-25 10:39 8 Undefined index: image_test in file /SugarSync/Web/twaframework.8.2/system/framework/twaController.php on Line 132
2015-08-25 10:39 8 Undefined index: home in file /SugarSync/Web/twaframework.8.2/system/framework/twaApp.php on Line 178
2015-08-25 10:39 8 Undefined property: twaConfig::$twa_API_KEY in file /SugarSync/Web/twaframework.8.2/system/framework/twaAnalytics.php on Line 27
2015-08-25 10:39 8 Undefined index: home in file /SugarSync/Web/twaframework.8.2/system/framework/twaController.php on Line 132
2015-08-25 10:39 8 Undefined property: twaConfig::$twa_API_KEY in file /SugarSync/Web/twaframework.8.2/web_content/pages/home/home.php on Line 59
2015-08-25 10:39 8 Undefined property: twaConfig::$twa_API_KEY in file /SugarSync/Web/twaframework.8.2/web_content/pages/home/home.php on Line 61
2015-08-25 10:39 8 Undefined property: twaConfig::$twa_API_KEY in file /SugarSync/Web/twaframework.8.2/web_content/pages/home/home.php on Line 64
2015-08-25 10:39 8 Undefined index: image_test in file /SugarSync/Web/twaframework.8.2/system/framework/twaApp.php on Line 178
2015-08-25 10:39 
2015-08-25 10:39 2 filesize(): stat failed for http://www.alisoncookbeattydance.org/wp-content/uploads/2013/03/Dancing-As-a-Positive-Distraction.jpg in file /SugarSync/Web/twaframework.8.2/system/framework/twaFile.php on Line 102
2015-08-25 10:39 8 Undefined property: twaConfig::$twa_API_KEY in file /SugarSync/Web/twaframework.8.2/system/framework/twaAnalytics.php on Line 27
2015-08-25 10:39 8 Undefined index: image_test in file /SugarSync/Web/twaframework.8.2/system/framework/twaController.php on Line 132
2015-08-25 10:39 8 Undefined index: home in file /SugarSync/Web/twaframework.8.2/system/framework/twaApp.php on Line 178
2015-08-25 10:39 8 Undefined property: twaConfig::$twa_API_KEY in file /SugarSync/Web/twaframework.8.2/system/framework/twaAnalytics.php on Line 27
2015-08-25 10:39 8 Undefined index: home in file /SugarSync/Web/twaframework.8.2/system/framework/twaController.php on Line 132
2015-08-25 10:39 8 Undefined property: twaConfig::$twa_API_KEY in file /SugarSync/Web/twaframework.8.2/web_content/pages/home/home.php on Line 59
2015-08-25 10:39 8 Undefined property: twaConfig::$twa_API_KEY in file /SugarSync/Web/twaframework.8.2/web_content/pages/home/home.php on Line 61
2015-08-25 10:39 8 Undefined property: twaConfig::$twa_API_KEY in file /SugarSync/Web/twaframework.8.2/web_content/pages/home/home.php on Line 64
2015-08-25 10:40 8 Undefined index: image_test in file /SugarSync/Web/twaframework.8.2/system/framework/twaApp.php on Line 178
2015-08-25 10:40 2048 Non-static method twaImage::render() should not be called statically, assuming $this from incompatible context in file /SugarSync/Web/twaframework.8.2/system/controllers/default/controller.php on Line 29
2015-08-25 10:40 8 Undefined index: home in file /SugarSync/Web/twaframework.8.2/system/framework/twaApp.php on Line 178
2015-08-25 10:40 8 Undefined property: twaConfig::$twa_API_KEY in file /SugarSync/Web/twaframework.8.2/system/framework/twaAnalytics.php on Line 27
2015-08-25 10:40 8 Undefined index: home in file /SugarSync/Web/twaframework.8.2/system/framework/twaController.php on Line 132
2015-08-25 10:40 8 Undefined property: twaConfig::$twa_API_KEY in file /SugarSync/Web/twaframework.8.2/web_content/pages/home/home.php on Line 59
2015-08-25 10:40 8 Undefined property: twaConfig::$twa_API_KEY in file /SugarSync/Web/twaframework.8.2/web_content/pages/home/home.php on Line 61
2015-08-25 10:40 8 Undefined property: twaConfig::$twa_API_KEY in file /SugarSync/Web/twaframework.8.2/web_content/pages/home/home.php on Line 64
2015-08-25 10:40 8 Undefined index: image_test in file /SugarSync/Web/twaframework.8.2/system/framework/twaApp.php on Line 178
2015-08-25 10:40 
2015-08-25 10:40 8 Undefined property: twaConfig::$twa_API_KEY in file /SugarSync/Web/twaframework.8.2/system/framework/twaAnalytics.php on Line 27
2015-08-25 10:40 8 Undefined index: image_test in file /SugarSync/Web/twaframework.8.2/system/framework/twaController.php on Line 132
2015-08-25 10:40 8 Undefined index: home in file /SugarSync/Web/twaframework.8.2/system/framework/twaApp.php on Line 178
2015-08-25 10:40 8 Undefined property: twaConfig::$twa_API_KEY in file /SugarSync/Web/twaframework.8.2/system/framework/twaAnalytics.php on Line 27
2015-08-25 10:40 8 Undefined index: home in file /SugarSync/Web/twaframework.8.2/system/framework/twaController.php on Line 132
2015-08-25 10:40 8 Undefined property: twaConfig::$twa_API_KEY in file /SugarSync/Web/twaframework.8.2/web_content/pages/home/home.php on Line 59
2015-08-25 10:40 8 Undefined property: twaConfig::$twa_API_KEY in file /SugarSync/Web/twaframework.8.2/web_content/pages/home/home.php on Line 61
2015-08-25 10:40 8 Undefined property: twaConfig::$twa_API_KEY in file /SugarSync/Web/twaframework.8.2/web_content/pages/home/home.php on Line 64
2015-08-25 10:40 8 Undefined index: home in file /SugarSync/Web/twaframework.8.2/system/framework/twaApp.php on Line 178
2015-08-25 10:40 8 Undefined property: twaConfig::$twa_API_KEY in file /SugarSync/Web/twaframework.8.2/system/framework/twaAnalytics.php on Line 27
2015-08-25 10:40 8 Undefined index: home in file /SugarSync/Web/twaframework.8.2/system/framework/twaController.php on Line 132
2015-08-25 10:40 8 Undefined property: twaConfig::$twa_API_KEY in file /SugarSync/Web/twaframework.8.2/web_content/pages/home/home.php on Line 59
2015-08-25 10:40 8 Undefined property: twaConfig::$twa_API_KEY in file /SugarSync/Web/twaframework.8.2/web_content/pages/home/home.php on Line 61
2015-08-25 10:40 8 Undefined property: twaConfig::$twa_API_KEY in file /SugarSync/Web/twaframework.8.2/web_content/pages/home/home.php on Line 64
2015-08-25 10:40 8 Undefined index: home in file /SugarSync/Web/twaframework.8.2/system/framework/twaApp.php on Line 178
2015-08-25 10:40 8 Undefined property: twaConfig::$twa_API_KEY in file /SugarSync/Web/twaframework.8.2/system/framework/twaAnalytics.php on Line 27
2015-08-25 10:40 8 Undefined index: home in file /SugarSync/Web/twaframework.8.2/system/framework/twaController.php on Line 132
2015-08-25 10:40 8 Undefined property: twaConfig::$twa_API_KEY in file /SugarSync/Web/twaframework.8.2/web_content/pages/home/home.php on Line 59
2015-08-25 10:40 8 Undefined property: twaConfig::$twa_API_KEY in file /SugarSync/Web/twaframework.8.2/web_content/pages/home/home.php on Line 61
2015-08-25 10:40 8 Undefined property: twaConfig::$twa_API_KEY in file /SugarSync/Web/twaframework.8.2/web_content/pages/home/home.php on Line 64
2015-08-25 10:40 8 Undefined index: home in file /SugarSync/Web/twaframework.8.2/system/framework/twaApp.php on Line 178
2015-08-25 10:40 8 Undefined property: twaConfig::$twa_API_KEY in file /SugarSync/Web/twaframework.8.2/system/framework/twaAnalytics.php on Line 27
2015-08-25 10:40 8 Undefined index: home in file /SugarSync/Web/twaframework.8.2/system/framework/twaController.php on Line 132
2015-08-25 10:40 8 Undefined property: twaConfig::$twa_API_KEY in file /SugarSync/Web/twaframework.8.2/web_content/pages/home/home.php on Line 59
2015-08-25 10:40 8 Undefined property: twaConfig::$twa_API_KEY in file /SugarSync/Web/twaframework.8.2/web_content/pages/home/home.php on Line 61
2015-08-25 10:40 8 Undefined property: twaConfig::$twa_API_KEY in file /SugarSync/Web/twaframework.8.2/web_content/pages/home/home.php on Line 64
2015-08-25 10:40 8 Undefined index: home in file /SugarSync/Web/twaframework.8.2/system/framework/twaApp.php on Line 178
2015-08-25 10:40 8 Undefined property: twaConfig::$twa_API_KEY in file /SugarSync/Web/twaframework.8.2/system/framework/twaAnalytics.php on Line 27
2015-08-25 10:40 8 Undefined index: home in file /SugarSync/Web/twaframework.8.2/system/framework/twaController.php on Line 132
2015-08-25 10:40 8 Undefined property: twaConfig::$twa_API_KEY in file /SugarSync/Web/twaframework.8.2/web_content/pages/home/home.php on Line 59
2015-08-25 10:40 8 Undefined property: twaConfig::$twa_API_KEY in file /SugarSync/Web/twaframework.8.2/web_content/pages/home/home.php on Line 61
2015-08-25 10:40 8 Undefined property: twaConfig::$twa_API_KEY in file /SugarSync/Web/twaframework.8.2/web_content/pages/home/home.php on Line 64
2015-08-25 10:40 8 Undefined index: image_test in file /SugarSync/Web/twaframework.8.2/system/framework/twaApp.php on Line 178
2015-08-25 10:40 
2015-08-25 10:40 2 filesize(): stat failed for http://www.alisoncookbeattydance.org/wp-content/uploads/2013/03/Dancing-As-a-Positive-Distraction.jpg in file /SugarSync/Web/twaframework.8.2/system/framework/twaFile.php on Line 102
2015-08-25 10:41 8 Undefined index: home in file /SugarSync/Web/twaframework.8.2/system/framework/twaApp.php on Line 178
2015-08-25 10:41 8 Undefined property: twaConfig::$twa_API_KEY in file /SugarSync/Web/twaframework.8.2/system/framework/twaAnalytics.php on Line 27
2015-08-25 10:41 8 Undefined index: home in file /SugarSync/Web/twaframework.8.2/system/framework/twaController.php on Line 132
2015-08-25 10:41 8 Undefined property: twaConfig::$twa_API_KEY in file /SugarSync/Web/twaframework.8.2/web_content/pages/home/home.php on Line 59
2015-08-25 10:41 8 Undefined property: twaConfig::$twa_API_KEY in file /SugarSync/Web/twaframework.8.2/web_content/pages/home/home.php on Line 61
2015-08-25 10:41 8 Undefined property: twaConfig::$twa_API_KEY in file /SugarSync/Web/twaframework.8.2/web_content/pages/home/home.php on Line 64
2015-08-25 10:41 8 Undefined index: image_test in file /SugarSync/Web/twaframework.8.2/system/framework/twaApp.php on Line 178
2015-08-25 10:41 
2015-08-25 10:41 2 filesize(): stat failed for http://www.alisoncookbeattydance.org/wp-content/uploads/2013/03/Dancing-As-a-Positive-Distraction.jpg in file /SugarSync/Web/twaframework.8.2/system/framework/twaFile.php on Line 102
2015-08-25 10:41 8 Undefined index: home in file /SugarSync/Web/twaframework.8.2/system/framework/twaApp.php on Line 178
2015-08-25 10:41 8 Undefined property: twaConfig::$twa_API_KEY in file /SugarSync/Web/twaframework.8.2/system/framework/twaAnalytics.php on Line 27
2015-08-25 10:41 8 Undefined index: home in file /SugarSync/Web/twaframework.8.2/system/framework/twaController.php on Line 132
2015-08-25 10:41 8 Undefined property: twaConfig::$twa_API_KEY in file /SugarSync/Web/twaframework.8.2/web_content/pages/home/home.php on Line 59
2015-08-25 10:41 8 Undefined property: twaConfig::$twa_API_KEY in file /SugarSync/Web/twaframework.8.2/web_content/pages/home/home.php on Line 61
2015-08-25 10:41 8 Undefined property: twaConfig::$twa_API_KEY in file /SugarSync/Web/twaframework.8.2/web_content/pages/home/home.php on Line 64
2015-08-25 10:41 8 Undefined index: image_test in file /SugarSync/Web/twaframework.8.2/system/framework/twaApp.php on Line 178
2015-08-25 10:41 
2015-08-25 10:41 2 filesize(): stat failed for http://www.alisoncookbeattydance.org/wp-content/uploads/2013/03/Dancing-As-a-Positive-Distraction.jpg in file /SugarSync/Web/twaframework.8.2/system/framework/twaFile.php on Line 102
2015-08-25 10:41 8 Undefined index: home in file /SugarSync/Web/twaframework.8.2/system/framework/twaApp.php on Line 178
2015-08-25 10:41 8 Undefined property: twaConfig::$twa_API_KEY in file /SugarSync/Web/twaframework.8.2/system/framework/twaAnalytics.php on Line 27
2015-08-25 10:41 8 Undefined index: home in file /SugarSync/Web/twaframework.8.2/system/framework/twaController.php on Line 132
2015-08-25 10:41 8 Undefined property: twaConfig::$twa_API_KEY in file /SugarSync/Web/twaframework.8.2/web_content/pages/home/home.php on Line 59
2015-08-25 10:41 8 Undefined property: twaConfig::$twa_API_KEY in file /SugarSync/Web/twaframework.8.2/web_content/pages/home/home.php on Line 61
2015-08-25 10:41 8 Undefined property: twaConfig::$twa_API_KEY in file /SugarSync/Web/twaframework.8.2/web_content/pages/home/home.php on Line 64
2015-08-25 10:42 8 Undefined index: image_test in file /SugarSync/Web/twaframework.8.2/system/framework/twaApp.php on Line 178
2015-08-25 10:42 
2015-08-25 10:42 2 filesize(): stat failed for http://www.alisoncookbeattydance.org/wp-content/uploads/2013/03/Dancing-As-a-Positive-Distraction.jpg in file /SugarSync/Web/twaframework.8.2/system/framework/twaFile.php on Line 102
2015-08-25 10:42 8 Undefined index: home in file /SugarSync/Web/twaframework.8.2/system/framework/twaApp.php on Line 178
2015-08-25 10:42 8 Undefined property: twaConfig::$twa_API_KEY in file /SugarSync/Web/twaframework.8.2/system/framework/twaAnalytics.php on Line 27
2015-08-25 10:42 8 Undefined index: home in file /SugarSync/Web/twaframework.8.2/system/framework/twaController.php on Line 132
2015-08-25 10:42 8 Undefined property: twaConfig::$twa_API_KEY in file /SugarSync/Web/twaframework.8.2/web_content/pages/home/home.php on Line 59
2015-08-25 10:42 8 Undefined property: twaConfig::$twa_API_KEY in file /SugarSync/Web/twaframework.8.2/web_content/pages/home/home.php on Line 61
2015-08-25 10:42 8 Undefined property: twaConfig::$twa_API_KEY in file /SugarSync/Web/twaframework.8.2/web_content/pages/home/home.php on Line 64
2015-08-25 10:42 8 Undefined index: image_test in file /SugarSync/Web/twaframework.8.2/system/framework/twaApp.php on Line 178
2015-08-25 10:42 
2015-08-25 10:42 2 filesize(): stat failed for http://www.alisoncookbeattydance.org/wp-content/uploads/2013/03/Dancing-As-a-Positive-Distraction.jpg in file /SugarSync/Web/twaframework.8.2/system/framework/twaFile.php on Line 102
2015-08-25 10:42 8 Undefined index: home in file /SugarSync/Web/twaframework.8.2/system/framework/twaApp.php on Line 178
2015-08-25 10:42 8 Undefined property: twaConfig::$twa_API_KEY in file /SugarSync/Web/twaframework.8.2/system/framework/twaAnalytics.php on Line 27
2015-08-25 10:42 8 Undefined index: home in file /SugarSync/Web/twaframework.8.2/system/framework/twaController.php on Line 132
2015-08-25 10:42 8 Undefined property: twaConfig::$twa_API_KEY in file /SugarSync/Web/twaframework.8.2/web_content/pages/home/home.php on Line 59
2015-08-25 10:42 8 Undefined property: twaConfig::$twa_API_KEY in file /SugarSync/Web/twaframework.8.2/web_content/pages/home/home.php on Line 61
2015-08-25 10:42 8 Undefined property: twaConfig::$twa_API_KEY in file /SugarSync/Web/twaframework.8.2/web_content/pages/home/home.php on Line 64
2015-08-25 10:44 8 Undefined index: image_test in file /SugarSync/Web/twaframework.8.2/system/framework/twaApp.php on Line 178
2015-08-25 10:44 
2015-08-25 10:44 8 Undefined index: home in file /SugarSync/Web/twaframework.8.2/system/framework/twaApp.php on Line 178
2015-08-25 10:44 8 Undefined property: twaConfig::$twa_API_KEY in file /SugarSync/Web/twaframework.8.2/system/framework/twaAnalytics.php on Line 27
2015-08-25 10:44 8 Undefined index: home in file /SugarSync/Web/twaframework.8.2/system/framework/twaController.php on Line 132
2015-08-25 10:44 8 Undefined property: twaConfig::$twa_API_KEY in file /SugarSync/Web/twaframework.8.2/web_content/pages/home/home.php on Line 59
2015-08-25 10:44 8 Undefined property: twaConfig::$twa_API_KEY in file /SugarSync/Web/twaframework.8.2/web_content/pages/home/home.php on Line 61
2015-08-25 10:44 8 Undefined property: twaConfig::$twa_API_KEY in file /SugarSync/Web/twaframework.8.2/web_content/pages/home/home.php on Line 64
2015-08-25 10:46 8 Undefined index: image_test in file /SugarSync/Web/twaframework.8.2/system/framework/twaApp.php on Line 178
2015-08-25 10:46 
2015-08-25 10:46 8 Undefined index: home in file /SugarSync/Web/twaframework.8.2/system/framework/twaApp.php on Line 178
2015-08-25 10:46 8 Undefined property: twaConfig::$twa_API_KEY in file /SugarSync/Web/twaframework.8.2/system/framework/twaAnalytics.php on Line 27
2015-08-25 10:46 8 Undefined index: home in file /SugarSync/Web/twaframework.8.2/system/framework/twaController.php on Line 132
2015-08-25 10:46 8 Undefined property: twaConfig::$twa_API_KEY in file /SugarSync/Web/twaframework.8.2/web_content/pages/home/home.php on Line 59
2015-08-25 10:46 8 Undefined property: twaConfig::$twa_API_KEY in file /SugarSync/Web/twaframework.8.2/web_content/pages/home/home.php on Line 61
2015-08-25 10:46 8 Undefined property: twaConfig::$twa_API_KEY in file /SugarSync/Web/twaframework.8.2/web_content/pages/home/home.php on Line 64
2015-08-25 10:47 8 Undefined index: image_test in file /SugarSync/Web/twaframework.8.2/system/framework/twaApp.php on Line 178
2015-08-25 10:47 
2015-08-25 10:47 8 Undefined index: home in file /SugarSync/Web/twaframework.8.2/system/framework/twaApp.php on Line 178
2015-08-25 10:47 8 Undefined property: twaConfig::$twa_API_KEY in file /SugarSync/Web/twaframework.8.2/system/framework/twaAnalytics.php on Line 27
2015-08-25 10:47 8 Undefined index: home in file /SugarSync/Web/twaframework.8.2/system/framework/twaController.php on Line 132
2015-08-25 10:47 8 Undefined property: twaConfig::$twa_API_KEY in file /SugarSync/Web/twaframework.8.2/web_content/pages/home/home.php on Line 59
2015-08-25 10:47 8 Undefined property: twaConfig::$twa_API_KEY in file /SugarSync/Web/twaframework.8.2/web_content/pages/home/home.php on Line 61
2015-08-25 10:47 8 Undefined property: twaConfig::$twa_API_KEY in file /SugarSync/Web/twaframework.8.2/web_content/pages/home/home.php on Line 64
2015-08-25 10:48 8 Undefined index: image_test in file /SugarSync/Web/twaframework.8.2/system/framework/twaApp.php on Line 178
2015-08-25 10:48 
2015-08-25 10:48 8 Undefined index: home in file /SugarSync/Web/twaframework.8.2/system/framework/twaApp.php on Line 178
2015-08-25 10:48 8 Undefined property: twaConfig::$twa_API_KEY in file /SugarSync/Web/twaframework.8.2/system/framework/twaAnalytics.php on Line 27
2015-08-25 10:48 8 Undefined index: home in file /SugarSync/Web/twaframework.8.2/system/framework/twaController.php on Line 132
2015-08-25 10:48 8 Undefined property: twaConfig::$twa_API_KEY in file /SugarSync/Web/twaframework.8.2/web_content/pages/home/home.php on Line 59
2015-08-25 10:48 8 Undefined property: twaConfig::$twa_API_KEY in file /SugarSync/Web/twaframework.8.2/web_content/pages/home/home.php on Line 61
2015-08-25 10:48 8 Undefined property: twaConfig::$twa_API_KEY in file /SugarSync/Web/twaframework.8.2/web_content/pages/home/home.php on Line 64
2015-08-25 10:48 8 Undefined index: image_test in file /SugarSync/Web/twaframework.8.2/system/framework/twaApp.php on Line 178
2015-08-25 10:48 
2015-08-25 10:48 8 Undefined index: home in file /SugarSync/Web/twaframework.8.2/system/framework/twaApp.php on Line 178
2015-08-25 10:48 8 Undefined property: twaConfig::$twa_API_KEY in file /SugarSync/Web/twaframework.8.2/system/framework/twaAnalytics.php on Line 27
2015-08-25 10:48 8 Undefined index: home in file /SugarSync/Web/twaframework.8.2/system/framework/twaController.php on Line 132
2015-08-25 10:48 8 Undefined property: twaConfig::$twa_API_KEY in file /SugarSync/Web/twaframework.8.2/web_content/pages/home/home.php on Line 59
2015-08-25 10:48 8 Undefined property: twaConfig::$twa_API_KEY in file /SugarSync/Web/twaframework.8.2/web_content/pages/home/home.php on Line 61
2015-08-25 10:48 8 Undefined property: twaConfig::$twa_API_KEY in file /SugarSync/Web/twaframework.8.2/web_content/pages/home/home.php on Line 64
2015-08-25 10:48 8 Undefined index: image_test in file /SugarSync/Web/twaframework.8.2/system/framework/twaApp.php on Line 178
2015-08-25 10:48 
2015-08-25 10:48 8 Undefined index: home in file /SugarSync/Web/twaframework.8.2/system/framework/twaApp.php on Line 178
2015-08-25 10:48 8 Undefined property: twaConfig::$twa_API_KEY in file /SugarSync/Web/twaframework.8.2/system/framework/twaAnalytics.php on Line 27
2015-08-25 10:48 8 Undefined index: home in file /SugarSync/Web/twaframework.8.2/system/framework/twaController.php on Line 132
2015-08-25 10:48 8 Undefined property: twaConfig::$twa_API_KEY in file /SugarSync/Web/twaframework.8.2/web_content/pages/home/home.php on Line 59
2015-08-25 10:48 8 Undefined property: twaConfig::$twa_API_KEY in file /SugarSync/Web/twaframework.8.2/web_content/pages/home/home.php on Line 61
2015-08-25 10:48 8 Undefined property: twaConfig::$twa_API_KEY in file /SugarSync/Web/twaframework.8.2/web_content/pages/home/home.php on Line 64
2015-08-25 10:48 8 Undefined index: image_test in file /SugarSync/Web/twaframework.8.2/system/framework/twaApp.php on Line 178
2015-08-25 10:48 
2015-08-25 10:48 8 Undefined index: home in file /SugarSync/Web/twaframework.8.2/system/framework/twaApp.php on Line 178
2015-08-25 10:48 8 Undefined property: twaConfig::$twa_API_KEY in file /SugarSync/Web/twaframework.8.2/system/framework/twaAnalytics.php on Line 27
2015-08-25 10:48 8 Undefined index: home in file /SugarSync/Web/twaframework.8.2/system/framework/twaController.php on Line 132
2015-08-25 10:48 8 Undefined property: twaConfig::$twa_API_KEY in file /SugarSync/Web/twaframework.8.2/web_content/pages/home/home.php on Line 59
2015-08-25 10:48 8 Undefined property: twaConfig::$twa_API_KEY in file /SugarSync/Web/twaframework.8.2/web_content/pages/home/home.php on Line 61
2015-08-25 10:48 8 Undefined property: twaConfig::$twa_API_KEY in file /SugarSync/Web/twaframework.8.2/web_content/pages/home/home.php on Line 64
2015-08-25 10:48 8 Undefined index: image_test in file /SugarSync/Web/twaframework.8.2/system/framework/twaApp.php on Line 178
2015-08-25 10:48 
2015-08-25 10:48 8 Undefined index: home in file /SugarSync/Web/twaframework.8.2/system/framework/twaApp.php on Line 178
2015-08-25 10:48 8 Undefined property: twaConfig::$twa_API_KEY in file /SugarSync/Web/twaframework.8.2/system/framework/twaAnalytics.php on Line 27
2015-08-25 10:48 8 Undefined index: home in file /SugarSync/Web/twaframework.8.2/system/framework/twaController.php on Line 132
2015-08-25 10:48 8 Undefined property: twaConfig::$twa_API_KEY in file /SugarSync/Web/twaframework.8.2/web_content/pages/home/home.php on Line 59
2015-08-25 10:48 8 Undefined property: twaConfig::$twa_API_KEY in file /SugarSync/Web/twaframework.8.2/web_content/pages/home/home.php on Line 61
2015-08-25 10:48 8 Undefined property: twaConfig::$twa_API_KEY in file /SugarSync/Web/twaframework.8.2/web_content/pages/home/home.php on Line 64
