2015-04-22 3:25 8 Undefined index: home in file /SugarSync/Web/twaframework.8.2/system/framework/twaApp.php on Line 178
2015-04-22 3:25 8 Undefined property: twaConfig::$twa_API_KEY in file /SugarSync/Web/twaframework.8.2/system/framework/twaAnalytics.php on Line 27
2015-04-22 3:25 8 Undefined index: home in file /SugarSync/Web/twaframework.8.2/system/framework/twaController.php on Line 130
2015-04-22 3:25 8 Undefined property: twaConfig::$twa_API_KEY in file /SugarSync/Web/twaframework.8.2/web_content/pages/home/home.php on Line 59
2015-04-22 3:25 8 Undefined property: twaConfig::$twa_API_KEY in file /SugarSync/Web/twaframework.8.2/web_content/pages/home/home.php on Line 61
2015-04-22 3:25 8 Undefined property: twaConfig::$twa_API_KEY in file /SugarSync/Web/twaframework.8.2/web_content/pages/home/home.php on Line 64
2015-04-22 3:25 8 Undefined index: home in file /SugarSync/Web/twaframework.8.2/system/framework/twaApp.php on Line 178
2015-04-22 3:25 8 Undefined property: twaConfig::$twa_API_KEY in file /SugarSync/Web/twaframework.8.2/system/framework/twaAnalytics.php on Line 27
2015-04-22 3:25 8 Undefined index: home in file /SugarSync/Web/twaframework.8.2/system/framework/twaController.php on Line 130
2015-04-22 3:25 8 Undefined property: twaConfig::$twa_API_KEY in file /SugarSync/Web/twaframework.8.2/web_content/pages/home/home.php on Line 59
2015-04-22 3:25 8 Undefined property: twaConfig::$twa_API_KEY in file /SugarSync/Web/twaframework.8.2/web_content/pages/home/home.php on Line 61
2015-04-22 3:25 8 Undefined property: twaConfig::$twa_API_KEY in file /SugarSync/Web/twaframework.8.2/web_content/pages/home/home.php on Line 64
2015-04-22 3:25 8 Undefined index: home in file /SugarSync/Web/twaframework.8.2/system/framework/twaApp.php on Line 178
2015-04-22 3:25 8 Undefined property: twaConfig::$twa_API_KEY in file /SugarSync/Web/twaframework.8.2/system/framework/twaAnalytics.php on Line 27
2015-04-22 3:25 8 Undefined index: home in file /SugarSync/Web/twaframework.8.2/system/framework/twaController.php on Line 130
2015-04-22 3:25 8 Undefined property: twaConfig::$twa_API_KEY in file /SugarSync/Web/twaframework.8.2/web_content/pages/home/home.php on Line 59
2015-04-22 3:25 8 Undefined property: twaConfig::$twa_API_KEY in file /SugarSync/Web/twaframework.8.2/web_content/pages/home/home.php on Line 61
2015-04-22 3:25 8 Undefined property: twaConfig::$twa_API_KEY in file /SugarSync/Web/twaframework.8.2/web_content/pages/home/home.php on Line 64
2015-04-22 3:25 8 Undefined index: home in file /SugarSync/Web/twaframework.8.2/system/framework/twaApp.php on Line 178
2015-04-22 3:25 8 Undefined property: twaConfig::$twa_API_KEY in file /SugarSync/Web/twaframework.8.2/system/framework/twaAnalytics.php on Line 27
2015-04-22 3:25 8 Undefined index: home in file /SugarSync/Web/twaframework.8.2/system/framework/twaController.php on Line 130
2015-04-22 3:25 8 Undefined property: twaConfig::$twa_API_KEY in file /SugarSync/Web/twaframework.8.2/web_content/pages/home/home.php on Line 59
2015-04-22 3:25 8 Undefined property: twaConfig::$twa_API_KEY in file /SugarSync/Web/twaframework.8.2/web_content/pages/home/home.php on Line 61
2015-04-22 3:25 8 Undefined property: twaConfig::$twa_API_KEY in file /SugarSync/Web/twaframework.8.2/web_content/pages/home/home.php on Line 64
2015-04-22 3:25 8 Undefined index: home in file /SugarSync/Web/twaframework.8.2/system/framework/twaApp.php on Line 178
2015-04-22 3:25 8 Undefined property: twaConfig::$twa_API_KEY in file /SugarSync/Web/twaframework.8.2/system/framework/twaAnalytics.php on Line 27
2015-04-22 3:25 8 Undefined index: home in file /SugarSync/Web/twaframework.8.2/system/framework/twaController.php on Line 130
2015-04-22 3:25 8 Undefined property: twaConfig::$twa_API_KEY in file /SugarSync/Web/twaframework.8.2/web_content/pages/home/home.php on Line 59
2015-04-22 3:25 8 Undefined property: twaConfig::$twa_API_KEY in file /SugarSync/Web/twaframework.8.2/web_content/pages/home/home.php on Line 61
2015-04-22 3:25 8 Undefined property: twaConfig::$twa_API_KEY in file /SugarSync/Web/twaframework.8.2/web_content/pages/home/home.php on Line 64
2015-04-22 3:25 8 Undefined index: home in file /SugarSync/Web/twaframework.8.2/system/framework/twaApp.php on Line 178
2015-04-22 3:25 8 Undefined property: twaConfig::$twa_API_KEY in file /SugarSync/Web/twaframework.8.2/system/framework/twaAnalytics.php on Line 27
2015-04-22 3:25 8 Undefined index: home in file /SugarSync/Web/twaframework.8.2/system/framework/twaController.php on Line 130
2015-04-22 3:25 8 Undefined property: twaConfig::$twa_API_KEY in file /SugarSync/Web/twaframework.8.2/web_content/pages/home/home.php on Line 59
2015-04-22 3:25 8 Undefined property: twaConfig::$twa_API_KEY in file /SugarSync/Web/twaframework.8.2/web_content/pages/home/home.php on Line 61
2015-04-22 3:25 8 Undefined property: twaConfig::$twa_API_KEY in file /SugarSync/Web/twaframework.8.2/web_content/pages/home/home.php on Line 64
2015-04-22 3:31 8 Undefined index: security in file /SugarSync/Web/twaframework.8.2/system/framework/twaApp.php on Line 178
2015-04-22 3:31 8 Undefined property: twaConfig::$twa_API_KEY in file /SugarSync/Web/twaframework.8.2/system/framework/twaAnalytics.php on Line 27
2015-04-22 3:31 8 Undefined index: security in file /SugarSync/Web/twaframework.8.2/system/framework/twaController.php on Line 130
2015-04-22 3:31 8 Undefined index: home in file /SugarSync/Web/twaframework.8.2/system/framework/twaApp.php on Line 178
2015-04-22 3:31 8 Undefined property: twaConfig::$twa_API_KEY in file /SugarSync/Web/twaframework.8.2/system/framework/twaAnalytics.php on Line 27
2015-04-22 3:31 8 Undefined index: home in file /SugarSync/Web/twaframework.8.2/system/framework/twaController.php on Line 130
2015-04-22 3:31 8 Undefined property: twaConfig::$twa_API_KEY in file /SugarSync/Web/twaframework.8.2/web_content/pages/home/home.php on Line 59
2015-04-22 3:31 8 Undefined property: twaConfig::$twa_API_KEY in file /SugarSync/Web/twaframework.8.2/web_content/pages/home/home.php on Line 61
2015-04-22 3:31 8 Undefined property: twaConfig::$twa_API_KEY in file /SugarSync/Web/twaframework.8.2/web_content/pages/home/home.php on Line 64
2015-04-22 3:31 <pre class='xdebug-var-dump' dir='ltr'>
<b>array</b> <i>(size=4)</i>
  'url' <font color='#888a85'>=&gt;</font> <small>string</small> <font color='#cc0000'>'http://twaframework:8888/webservices.php'</font> <i>(length=40)</i>
  'twa_token' <font color='#888a85'>=&gt;</font> <small>string</small> <font color='#cc0000'>'e006bc390245563f4030288496857d15'</font> <i>(length=32)</i>
  'axn' <font color='#888a85'>=&gt;</font> <small>string</small> <font color='#cc0000'>'framework/database'</font> <i>(length=18)</i>
  'code' <font color='#888a85'>=&gt;</font> <small>string</small> <font color='#cc0000'>'test'</font> <i>(length=4)</i>
</pre>
2015-04-22 3:31 8 Undefined index: home in file /SugarSync/Web/twaframework.8.2/system/framework/twaApp.php on Line 178
2015-04-22 3:31 8 Undefined property: twaConfig::$twa_API_KEY in file /SugarSync/Web/twaframework.8.2/system/framework/twaAnalytics.php on Line 27
2015-04-22 3:31 8 Undefined index: home in file /SugarSync/Web/twaframework.8.2/system/framework/twaController.php on Line 130
2015-04-22 3:31 8 Undefined property: twaConfig::$twa_API_KEY in file /SugarSync/Web/twaframework.8.2/web_content/pages/home/home.php on Line 59
2015-04-22 3:31 8 Undefined property: twaConfig::$twa_API_KEY in file /SugarSync/Web/twaframework.8.2/web_content/pages/home/home.php on Line 61
2015-04-22 3:31 8 Undefined property: twaConfig::$twa_API_KEY in file /SugarSync/Web/twaframework.8.2/web_content/pages/home/home.php on Line 64
2015-04-22 3:31 8 Undefined index: home in file /SugarSync/Web/twaframework.8.2/system/framework/twaApp.php on Line 178
2015-04-22 3:31 8 Undefined property: twaConfig::$twa_API_KEY in file /SugarSync/Web/twaframework.8.2/system/framework/twaAnalytics.php on Line 27
2015-04-22 3:31 8 Undefined index: home in file /SugarSync/Web/twaframework.8.2/system/framework/twaController.php on Line 130
2015-04-22 3:31 8 Undefined property: twaConfig::$twa_API_KEY in file /SugarSync/Web/twaframework.8.2/web_content/pages/home/home.php on Line 59
2015-04-22 3:31 8 Undefined property: twaConfig::$twa_API_KEY in file /SugarSync/Web/twaframework.8.2/web_content/pages/home/home.php on Line 61
2015-04-22 3:31 8 Undefined property: twaConfig::$twa_API_KEY in file /SugarSync/Web/twaframework.8.2/web_content/pages/home/home.php on Line 64
2015-04-22 3:31 8 Undefined index: home in file /SugarSync/Web/twaframework.8.2/system/framework/twaApp.php on Line 178
2015-04-22 3:31 8 Undefined property: twaConfig::$twa_API_KEY in file /SugarSync/Web/twaframework.8.2/system/framework/twaAnalytics.php on Line 27
2015-04-22 3:31 8 Undefined index: home in file /SugarSync/Web/twaframework.8.2/system/framework/twaController.php on Line 130
2015-04-22 3:31 8 Undefined property: twaConfig::$twa_API_KEY in file /SugarSync/Web/twaframework.8.2/web_content/pages/home/home.php on Line 59
2015-04-22 3:31 8 Undefined property: twaConfig::$twa_API_KEY in file /SugarSync/Web/twaframework.8.2/web_content/pages/home/home.php on Line 61
2015-04-22 3:31 8 Undefined property: twaConfig::$twa_API_KEY in file /SugarSync/Web/twaframework.8.2/web_content/pages/home/home.php on Line 64
2015-04-22 3:31 8 Undefined index: home in file /SugarSync/Web/twaframework.8.2/system/framework/twaApp.php on Line 178
2015-04-22 3:31 8 Undefined property: twaConfig::$twa_API_KEY in file /SugarSync/Web/twaframework.8.2/system/framework/twaAnalytics.php on Line 27
2015-04-22 3:31 8 Undefined index: home in file /SugarSync/Web/twaframework.8.2/system/framework/twaController.php on Line 130
2015-04-22 3:31 8 Undefined property: twaConfig::$twa_API_KEY in file /SugarSync/Web/twaframework.8.2/web_content/pages/home/home.php on Line 59
2015-04-22 3:31 8 Undefined property: twaConfig::$twa_API_KEY in file /SugarSync/Web/twaframework.8.2/web_content/pages/home/home.php on Line 61
2015-04-22 3:31 8 Undefined property: twaConfig::$twa_API_KEY in file /SugarSync/Web/twaframework.8.2/web_content/pages/home/home.php on Line 64
2015-04-22 3:31 8 Undefined index: home in file /SugarSync/Web/twaframework.8.2/system/framework/twaApp.php on Line 178
2015-04-22 3:31 8 Undefined property: twaConfig::$twa_API_KEY in file /SugarSync/Web/twaframework.8.2/system/framework/twaAnalytics.php on Line 27
2015-04-22 3:31 8 Undefined index: home in file /SugarSync/Web/twaframework.8.2/system/framework/twaController.php on Line 130
2015-04-22 3:31 8 Undefined property: twaConfig::$twa_API_KEY in file /SugarSync/Web/twaframework.8.2/web_content/pages/home/home.php on Line 59
2015-04-22 3:31 8 Undefined property: twaConfig::$twa_API_KEY in file /SugarSync/Web/twaframework.8.2/web_content/pages/home/home.php on Line 61
2015-04-22 3:31 8 Undefined property: twaConfig::$twa_API_KEY in file /SugarSync/Web/twaframework.8.2/web_content/pages/home/home.php on Line 64
2015-04-22 3:33 8 Undefined index: security in file /SugarSync/Web/twaframework.8.2/system/framework/twaApp.php on Line 178
2015-04-22 3:33 8 Undefined property: twaConfig::$twa_API_KEY in file /SugarSync/Web/twaframework.8.2/system/framework/twaAnalytics.php on Line 27
2015-04-22 3:33 8 Undefined index: security in file /SugarSync/Web/twaframework.8.2/system/framework/twaController.php on Line 130
2015-04-22 3:33 8 Undefined index: home in file /SugarSync/Web/twaframework.8.2/system/framework/twaApp.php on Line 178
2015-04-22 3:33 8 Undefined property: twaConfig::$twa_API_KEY in file /SugarSync/Web/twaframework.8.2/system/framework/twaAnalytics.php on Line 27
2015-04-22 3:33 8 Undefined index: home in file /SugarSync/Web/twaframework.8.2/system/framework/twaController.php on Line 130
2015-04-22 3:33 8 Undefined property: twaConfig::$twa_API_KEY in file /SugarSync/Web/twaframework.8.2/web_content/pages/home/home.php on Line 59
2015-04-22 3:33 8 Undefined property: twaConfig::$twa_API_KEY in file /SugarSync/Web/twaframework.8.2/web_content/pages/home/home.php on Line 61
2015-04-22 3:33 8 Undefined property: twaConfig::$twa_API_KEY in file /SugarSync/Web/twaframework.8.2/web_content/pages/home/home.php on Line 64
2015-04-22 3:33 8 Undefined index: home in file /SugarSync/Web/twaframework.8.2/system/framework/twaApp.php on Line 178
2015-04-22 3:33 8 Undefined property: twaConfig::$twa_API_KEY in file /SugarSync/Web/twaframework.8.2/system/framework/twaAnalytics.php on Line 27
2015-04-22 3:33 8 Undefined index: home in file /SugarSync/Web/twaframework.8.2/system/framework/twaController.php on Line 130
2015-04-22 3:33 8 Undefined property: twaConfig::$twa_API_KEY in file /SugarSync/Web/twaframework.8.2/web_content/pages/home/home.php on Line 59
2015-04-22 3:33 8 Undefined property: twaConfig::$twa_API_KEY in file /SugarSync/Web/twaframework.8.2/web_content/pages/home/home.php on Line 61
2015-04-22 3:33 8 Undefined property: twaConfig::$twa_API_KEY in file /SugarSync/Web/twaframework.8.2/web_content/pages/home/home.php on Line 64
2015-04-22 3:33 8 Undefined index: home in file /SugarSync/Web/twaframework.8.2/system/framework/twaApp.php on Line 178
2015-04-22 3:33 8 Undefined property: twaConfig::$twa_API_KEY in file /SugarSync/Web/twaframework.8.2/system/framework/twaAnalytics.php on Line 27
2015-04-22 3:33 8 Undefined index: home in file /SugarSync/Web/twaframework.8.2/system/framework/twaController.php on Line 130
2015-04-22 3:33 8 Undefined property: twaConfig::$twa_API_KEY in file /SugarSync/Web/twaframework.8.2/web_content/pages/home/home.php on Line 59
2015-04-22 3:33 8 Undefined property: twaConfig::$twa_API_KEY in file /SugarSync/Web/twaframework.8.2/web_content/pages/home/home.php on Line 61
2015-04-22 3:33 8 Undefined property: twaConfig::$twa_API_KEY in file /SugarSync/Web/twaframework.8.2/web_content/pages/home/home.php on Line 64
2015-04-22 3:33 8 Undefined index: home in file /SugarSync/Web/twaframework.8.2/system/framework/twaApp.php on Line 178
2015-04-22 3:33 8 Undefined property: twaConfig::$twa_API_KEY in file /SugarSync/Web/twaframework.8.2/system/framework/twaAnalytics.php on Line 27
2015-04-22 3:33 8 Undefined index: home in file /SugarSync/Web/twaframework.8.2/system/framework/twaController.php on Line 130
2015-04-22 3:33 8 Undefined property: twaConfig::$twa_API_KEY in file /SugarSync/Web/twaframework.8.2/web_content/pages/home/home.php on Line 59
2015-04-22 3:33 8 Undefined property: twaConfig::$twa_API_KEY in file /SugarSync/Web/twaframework.8.2/web_content/pages/home/home.php on Line 61
2015-04-22 3:33 8 Undefined property: twaConfig::$twa_API_KEY in file /SugarSync/Web/twaframework.8.2/web_content/pages/home/home.php on Line 64
2015-04-22 3:33 8 Undefined index: home in file /SugarSync/Web/twaframework.8.2/system/framework/twaApp.php on Line 178
2015-04-22 3:33 8 Undefined property: twaConfig::$twa_API_KEY in file /SugarSync/Web/twaframework.8.2/system/framework/twaAnalytics.php on Line 27
2015-04-22 3:33 8 Undefined index: home in file /SugarSync/Web/twaframework.8.2/system/framework/twaController.php on Line 130
2015-04-22 3:33 8 Undefined property: twaConfig::$twa_API_KEY in file /SugarSync/Web/twaframework.8.2/web_content/pages/home/home.php on Line 59
2015-04-22 3:33 8 Undefined property: twaConfig::$twa_API_KEY in file /SugarSync/Web/twaframework.8.2/web_content/pages/home/home.php on Line 61
2015-04-22 3:33 8 Undefined property: twaConfig::$twa_API_KEY in file /SugarSync/Web/twaframework.8.2/web_content/pages/home/home.php on Line 64
2015-04-22 3:33 8 Undefined index: home in file /SugarSync/Web/twaframework.8.2/system/framework/twaApp.php on Line 178
2015-04-22 3:33 8 Undefined property: twaConfig::$twa_API_KEY in file /SugarSync/Web/twaframework.8.2/system/framework/twaAnalytics.php on Line 27
2015-04-22 3:33 8 Undefined index: home in file /SugarSync/Web/twaframework.8.2/system/framework/twaController.php on Line 130
2015-04-22 3:33 8 Undefined property: twaConfig::$twa_API_KEY in file /SugarSync/Web/twaframework.8.2/web_content/pages/home/home.php on Line 59
2015-04-22 3:33 8 Undefined property: twaConfig::$twa_API_KEY in file /SugarSync/Web/twaframework.8.2/web_content/pages/home/home.php on Line 61
2015-04-22 3:33 8 Undefined property: twaConfig::$twa_API_KEY in file /SugarSync/Web/twaframework.8.2/web_content/pages/home/home.php on Line 64
2015-04-22 3:34 8 Undefined index: security in file /SugarSync/Web/twaframework.8.2/system/framework/twaApp.php on Line 178
2015-04-22 3:34 8 Undefined property: twaConfig::$twa_API_KEY in file /SugarSync/Web/twaframework.8.2/system/framework/twaAnalytics.php on Line 27
2015-04-22 3:34 8 Undefined index: security in file /SugarSync/Web/twaframework.8.2/system/framework/twaController.php on Line 130
2015-04-22 3:34 8 Undefined index: home in file /SugarSync/Web/twaframework.8.2/system/framework/twaApp.php on Line 178
2015-04-22 3:34 8 Undefined property: twaConfig::$twa_API_KEY in file /SugarSync/Web/twaframework.8.2/system/framework/twaAnalytics.php on Line 27
2015-04-22 3:34 8 Undefined index: home in file /SugarSync/Web/twaframework.8.2/system/framework/twaController.php on Line 130
2015-04-22 3:34 8 Undefined property: twaConfig::$twa_API_KEY in file /SugarSync/Web/twaframework.8.2/web_content/pages/home/home.php on Line 59
2015-04-22 3:34 8 Undefined property: twaConfig::$twa_API_KEY in file /SugarSync/Web/twaframework.8.2/web_content/pages/home/home.php on Line 61
2015-04-22 3:34 8 Undefined property: twaConfig::$twa_API_KEY in file /SugarSync/Web/twaframework.8.2/web_content/pages/home/home.php on Line 64
2015-04-22 3:34 <pre class='xdebug-var-dump' dir='ltr'>
<b>array</b> <i>(size=4)</i>
  'url' <font color='#888a85'>=&gt;</font> <small>string</small> <font color='#cc0000'>'http://twaframework:8888/webservices.php'</font> <i>(length=40)</i>
  'twa_token' <font color='#888a85'>=&gt;</font> <small>string</small> <font color='#cc0000'>'e006bc390245563f4030288496857d15'</font> <i>(length=32)</i>
  'axn' <font color='#888a85'>=&gt;</font> <small>string</small> <font color='#cc0000'>'framework/database'</font> <i>(length=18)</i>
  'code' <font color='#888a85'>=&gt;</font> <small>string</small> <font color='#cc0000'>'test'</font> <i>(length=4)</i>
</pre>
2015-04-22 3:34 8 Undefined index: home in file /SugarSync/Web/twaframework.8.2/system/framework/twaApp.php on Line 178
2015-04-22 3:34 8 Undefined property: twaConfig::$twa_API_KEY in file /SugarSync/Web/twaframework.8.2/system/framework/twaAnalytics.php on Line 27
2015-04-22 3:34 8 Undefined index: home in file /SugarSync/Web/twaframework.8.2/system/framework/twaController.php on Line 130
2015-04-22 3:34 8 Undefined property: twaConfig::$twa_API_KEY in file /SugarSync/Web/twaframework.8.2/web_content/pages/home/home.php on Line 59
2015-04-22 3:34 8 Undefined property: twaConfig::$twa_API_KEY in file /SugarSync/Web/twaframework.8.2/web_content/pages/home/home.php on Line 61
2015-04-22 3:34 8 Undefined property: twaConfig::$twa_API_KEY in file /SugarSync/Web/twaframework.8.2/web_content/pages/home/home.php on Line 64
2015-04-22 3:34 8 Undefined index: home in file /SugarSync/Web/twaframework.8.2/system/framework/twaApp.php on Line 178
2015-04-22 3:34 8 Undefined property: twaConfig::$twa_API_KEY in file /SugarSync/Web/twaframework.8.2/system/framework/twaAnalytics.php on Line 27
2015-04-22 3:34 8 Undefined index: home in file /SugarSync/Web/twaframework.8.2/system/framework/twaController.php on Line 130
2015-04-22 3:34 8 Undefined property: twaConfig::$twa_API_KEY in file /SugarSync/Web/twaframework.8.2/web_content/pages/home/home.php on Line 59
2015-04-22 3:34 8 Undefined property: twaConfig::$twa_API_KEY in file /SugarSync/Web/twaframework.8.2/web_content/pages/home/home.php on Line 61
2015-04-22 3:34 8 Undefined property: twaConfig::$twa_API_KEY in file /SugarSync/Web/twaframework.8.2/web_content/pages/home/home.php on Line 64
2015-04-22 3:34 8 Undefined index: home in file /SugarSync/Web/twaframework.8.2/system/framework/twaApp.php on Line 178
2015-04-22 3:34 8 Undefined property: twaConfig::$twa_API_KEY in file /SugarSync/Web/twaframework.8.2/system/framework/twaAnalytics.php on Line 27
2015-04-22 3:34 8 Undefined index: home in file /SugarSync/Web/twaframework.8.2/system/framework/twaController.php on Line 130
2015-04-22 3:34 8 Undefined property: twaConfig::$twa_API_KEY in file /SugarSync/Web/twaframework.8.2/web_content/pages/home/home.php on Line 59
2015-04-22 3:34 8 Undefined property: twaConfig::$twa_API_KEY in file /SugarSync/Web/twaframework.8.2/web_content/pages/home/home.php on Line 61
2015-04-22 3:34 8 Undefined property: twaConfig::$twa_API_KEY in file /SugarSync/Web/twaframework.8.2/web_content/pages/home/home.php on Line 64
2015-04-22 3:34 8 Undefined index: home in file /SugarSync/Web/twaframework.8.2/system/framework/twaApp.php on Line 178
2015-04-22 3:34 8 Undefined property: twaConfig::$twa_API_KEY in file /SugarSync/Web/twaframework.8.2/system/framework/twaAnalytics.php on Line 27
2015-04-22 3:34 8 Undefined index: home in file /SugarSync/Web/twaframework.8.2/system/framework/twaController.php on Line 130
2015-04-22 3:34 8 Undefined property: twaConfig::$twa_API_KEY in file /SugarSync/Web/twaframework.8.2/web_content/pages/home/home.php on Line 59
2015-04-22 3:34 8 Undefined property: twaConfig::$twa_API_KEY in file /SugarSync/Web/twaframework.8.2/web_content/pages/home/home.php on Line 61
2015-04-22 3:34 8 Undefined property: twaConfig::$twa_API_KEY in file /SugarSync/Web/twaframework.8.2/web_content/pages/home/home.php on Line 64
2015-04-22 5:15 8 Undefined index: security in file /SugarSync/Web/twaframework.8.2/system/framework/twaApp.php on Line 178
2015-04-22 5:15 8 Undefined property: twaConfig::$twa_API_KEY in file /SugarSync/Web/twaframework.8.2/system/framework/twaAnalytics.php on Line 27
2015-04-22 5:15 8 Undefined index: security in file /SugarSync/Web/twaframework.8.2/system/framework/twaController.php on Line 130
2015-04-22 5:15 8 Undefined index: home in file /SugarSync/Web/twaframework.8.2/system/framework/twaApp.php on Line 178
2015-04-22 5:15 8 Undefined property: twaConfig::$twa_API_KEY in file /SugarSync/Web/twaframework.8.2/system/framework/twaAnalytics.php on Line 27
2015-04-22 5:15 8 Undefined index: home in file /SugarSync/Web/twaframework.8.2/system/framework/twaController.php on Line 130
2015-04-22 5:15 8 Undefined property: twaConfig::$twa_API_KEY in file /SugarSync/Web/twaframework.8.2/web_content/pages/home/home.php on Line 59
2015-04-22 5:15 8 Undefined property: twaConfig::$twa_API_KEY in file /SugarSync/Web/twaframework.8.2/web_content/pages/home/home.php on Line 61
2015-04-22 5:15 8 Undefined property: twaConfig::$twa_API_KEY in file /SugarSync/Web/twaframework.8.2/web_content/pages/home/home.php on Line 64
2015-04-22 5:15 <pre class='xdebug-var-dump' dir='ltr'>
<b>array</b> <i>(size=4)</i>
  'url' <font color='#888a85'>=&gt;</font> <small>string</small> <font color='#cc0000'>'http://twaframework:8888/webservices.php'</font> <i>(length=40)</i>
  'twa_token' <font color='#888a85'>=&gt;</font> <small>string</small> <font color='#cc0000'>'e006bc390245563f4030288496857d15'</font> <i>(length=32)</i>
  'axn' <font color='#888a85'>=&gt;</font> <small>string</small> <font color='#cc0000'>'framework/auth'</font> <i>(length=14)</i>
  'code' <font color='#888a85'>=&gt;</font> <small>string</small> <font color='#cc0000'>'isadmin'</font> <i>(length=7)</i>
</pre>
2015-04-22 5:15 8 Undefined index: home in file /SugarSync/Web/twaframework.8.2/system/framework/twaApp.php on Line 178
2015-04-22 5:15 8 Undefined property: twaConfig::$twa_API_KEY in file /SugarSync/Web/twaframework.8.2/system/framework/twaAnalytics.php on Line 27
2015-04-22 5:15 8 Undefined index: home in file /SugarSync/Web/twaframework.8.2/system/framework/twaController.php on Line 130
2015-04-22 5:15 8 Undefined property: twaConfig::$twa_API_KEY in file /SugarSync/Web/twaframework.8.2/web_content/pages/home/home.php on Line 59
2015-04-22 5:15 8 Undefined property: twaConfig::$twa_API_KEY in file /SugarSync/Web/twaframework.8.2/web_content/pages/home/home.php on Line 61
2015-04-22 5:15 8 Undefined property: twaConfig::$twa_API_KEY in file /SugarSync/Web/twaframework.8.2/web_content/pages/home/home.php on Line 64
2015-04-22 5:15 8 Undefined index: home in file /SugarSync/Web/twaframework.8.2/system/framework/twaApp.php on Line 178
2015-04-22 5:15 8 Undefined property: twaConfig::$twa_API_KEY in file /SugarSync/Web/twaframework.8.2/system/framework/twaAnalytics.php on Line 27
2015-04-22 5:15 8 Undefined index: home in file /SugarSync/Web/twaframework.8.2/system/framework/twaController.php on Line 130
2015-04-22 5:15 8 Undefined property: twaConfig::$twa_API_KEY in file /SugarSync/Web/twaframework.8.2/web_content/pages/home/home.php on Line 59
2015-04-22 5:15 8 Undefined property: twaConfig::$twa_API_KEY in file /SugarSync/Web/twaframework.8.2/web_content/pages/home/home.php on Line 61
2015-04-22 5:15 8 Undefined property: twaConfig::$twa_API_KEY in file /SugarSync/Web/twaframework.8.2/web_content/pages/home/home.php on Line 64
2015-04-22 5:15 8 Undefined index: home in file /SugarSync/Web/twaframework.8.2/system/framework/twaApp.php on Line 178
2015-04-22 5:15 8 Undefined property: twaConfig::$twa_API_KEY in file /SugarSync/Web/twaframework.8.2/system/framework/twaAnalytics.php on Line 27
2015-04-22 5:15 8 Undefined index: home in file /SugarSync/Web/twaframework.8.2/system/framework/twaController.php on Line 130
2015-04-22 5:15 8 Undefined property: twaConfig::$twa_API_KEY in file /SugarSync/Web/twaframework.8.2/web_content/pages/home/home.php on Line 59
2015-04-22 5:15 8 Undefined property: twaConfig::$twa_API_KEY in file /SugarSync/Web/twaframework.8.2/web_content/pages/home/home.php on Line 61
2015-04-22 5:15 8 Undefined property: twaConfig::$twa_API_KEY in file /SugarSync/Web/twaframework.8.2/web_content/pages/home/home.php on Line 64
2015-04-22 5:15 8 Undefined index: home in file /SugarSync/Web/twaframework.8.2/system/framework/twaApp.php on Line 178
2015-04-22 5:15 8 Undefined property: twaConfig::$twa_API_KEY in file /SugarSync/Web/twaframework.8.2/system/framework/twaAnalytics.php on Line 27
2015-04-22 5:15 8 Undefined index: home in file /SugarSync/Web/twaframework.8.2/system/framework/twaController.php on Line 130
2015-04-22 5:15 8 Undefined property: twaConfig::$twa_API_KEY in file /SugarSync/Web/twaframework.8.2/web_content/pages/home/home.php on Line 59
2015-04-22 5:15 8 Undefined property: twaConfig::$twa_API_KEY in file /SugarSync/Web/twaframework.8.2/web_content/pages/home/home.php on Line 61
2015-04-22 5:15 8 Undefined property: twaConfig::$twa_API_KEY in file /SugarSync/Web/twaframework.8.2/web_content/pages/home/home.php on Line 64
2015-04-22 5:16 8 Undefined index: security in file /SugarSync/Web/twaframework.8.2/system/framework/twaApp.php on Line 178
2015-04-22 5:16 8 Undefined property: twaConfig::$twa_API_KEY in file /SugarSync/Web/twaframework.8.2/system/framework/twaAnalytics.php on Line 27
2015-04-22 5:16 8 Undefined index: security in file /SugarSync/Web/twaframework.8.2/system/framework/twaController.php on Line 130
2015-04-22 5:16 8 Undefined index: home in file /SugarSync/Web/twaframework.8.2/system/framework/twaApp.php on Line 178
2015-04-22 5:16 8 Undefined property: twaConfig::$twa_API_KEY in file /SugarSync/Web/twaframework.8.2/system/framework/twaAnalytics.php on Line 27
2015-04-22 5:16 8 Undefined index: home in file /SugarSync/Web/twaframework.8.2/system/framework/twaController.php on Line 130
2015-04-22 5:16 8 Undefined property: twaConfig::$twa_API_KEY in file /SugarSync/Web/twaframework.8.2/web_content/pages/home/home.php on Line 59
2015-04-22 5:16 8 Undefined property: twaConfig::$twa_API_KEY in file /SugarSync/Web/twaframework.8.2/web_content/pages/home/home.php on Line 61
2015-04-22 5:16 8 Undefined property: twaConfig::$twa_API_KEY in file /SugarSync/Web/twaframework.8.2/web_content/pages/home/home.php on Line 64
2015-04-22 5:16 <pre class='xdebug-var-dump' dir='ltr'>
<b>array</b> <i>(size=4)</i>
  'url' <font color='#888a85'>=&gt;</font> <small>string</small> <font color='#cc0000'>'http://twaframework:8888/webservices.php'</font> <i>(length=40)</i>
  'twa_token' <font color='#888a85'>=&gt;</font> <small>string</small> <font color='#cc0000'>'e006bc390245563f4030288496857d1512345'</font> <i>(length=37)</i>
  'axn' <font color='#888a85'>=&gt;</font> <small>string</small> <font color='#cc0000'>'framework/auth'</font> <i>(length=14)</i>
  'code' <font color='#888a85'>=&gt;</font> <small>string</small> <font color='#cc0000'>'isadmin'</font> <i>(length=7)</i>
</pre>
2015-04-22 5:16 2 Missing argument 2 for twaWebServices::fail(), called in /SugarSync/Web/twaframework.8.2/system/framework/twaWebServices.php on line 109 and defined in file /SugarSync/Web/twaframework.8.2/system/framework/twaWebServices.php on Line 122
2015-04-22 5:16 8 Undefined variable: error in file /SugarSync/Web/twaframework.8.2/system/framework/twaWebServices.php on Line 123
2015-04-22 5:16 8 Undefined index: home in file /SugarSync/Web/twaframework.8.2/system/framework/twaApp.php on Line 178
2015-04-22 5:16 8 Undefined property: twaConfig::$twa_API_KEY in file /SugarSync/Web/twaframework.8.2/system/framework/twaAnalytics.php on Line 27
2015-04-22 5:16 8 Undefined index: home in file /SugarSync/Web/twaframework.8.2/system/framework/twaController.php on Line 130
2015-04-22 5:16 8 Undefined property: twaConfig::$twa_API_KEY in file /SugarSync/Web/twaframework.8.2/web_content/pages/home/home.php on Line 59
2015-04-22 5:16 8 Undefined property: twaConfig::$twa_API_KEY in file /SugarSync/Web/twaframework.8.2/web_content/pages/home/home.php on Line 61
2015-04-22 5:16 8 Undefined property: twaConfig::$twa_API_KEY in file /SugarSync/Web/twaframework.8.2/web_content/pages/home/home.php on Line 64
2015-04-22 5:16 8 Undefined index: home in file /SugarSync/Web/twaframework.8.2/system/framework/twaApp.php on Line 178
2015-04-22 5:16 8 Undefined property: twaConfig::$twa_API_KEY in file /SugarSync/Web/twaframework.8.2/system/framework/twaAnalytics.php on Line 27
2015-04-22 5:16 8 Undefined index: home in file /SugarSync/Web/twaframework.8.2/system/framework/twaController.php on Line 130
2015-04-22 5:16 8 Undefined property: twaConfig::$twa_API_KEY in file /SugarSync/Web/twaframework.8.2/web_content/pages/home/home.php on Line 59
2015-04-22 5:16 8 Undefined property: twaConfig::$twa_API_KEY in file /SugarSync/Web/twaframework.8.2/web_content/pages/home/home.php on Line 61
2015-04-22 5:16 8 Undefined property: twaConfig::$twa_API_KEY in file /SugarSync/Web/twaframework.8.2/web_content/pages/home/home.php on Line 64
2015-04-22 5:16 8 Undefined index: home in file /SugarSync/Web/twaframework.8.2/system/framework/twaApp.php on Line 178
2015-04-22 5:16 8 Undefined property: twaConfig::$twa_API_KEY in file /SugarSync/Web/twaframework.8.2/system/framework/twaAnalytics.php on Line 27
2015-04-22 5:16 8 Undefined index: home in file /SugarSync/Web/twaframework.8.2/system/framework/twaController.php on Line 130
2015-04-22 5:16 8 Undefined property: twaConfig::$twa_API_KEY in file /SugarSync/Web/twaframework.8.2/web_content/pages/home/home.php on Line 59
2015-04-22 5:16 8 Undefined property: twaConfig::$twa_API_KEY in file /SugarSync/Web/twaframework.8.2/web_content/pages/home/home.php on Line 61
2015-04-22 5:16 8 Undefined property: twaConfig::$twa_API_KEY in file /SugarSync/Web/twaframework.8.2/web_content/pages/home/home.php on Line 64
2015-04-22 5:16 8 Undefined index: home in file /SugarSync/Web/twaframework.8.2/system/framework/twaApp.php on Line 178
2015-04-22 5:16 8 Undefined property: twaConfig::$twa_API_KEY in file /SugarSync/Web/twaframework.8.2/system/framework/twaAnalytics.php on Line 27
2015-04-22 5:16 8 Undefined index: home in file /SugarSync/Web/twaframework.8.2/system/framework/twaController.php on Line 130
2015-04-22 5:16 8 Undefined property: twaConfig::$twa_API_KEY in file /SugarSync/Web/twaframework.8.2/web_content/pages/home/home.php on Line 59
2015-04-22 5:16 8 Undefined property: twaConfig::$twa_API_KEY in file /SugarSync/Web/twaframework.8.2/web_content/pages/home/home.php on Line 61
2015-04-22 5:16 8 Undefined property: twaConfig::$twa_API_KEY in file /SugarSync/Web/twaframework.8.2/web_content/pages/home/home.php on Line 64
2015-04-22 5:17 8 Undefined index: security in file /SugarSync/Web/twaframework.8.2/system/framework/twaApp.php on Line 178
2015-04-22 5:17 8 Undefined property: twaConfig::$twa_API_KEY in file /SugarSync/Web/twaframework.8.2/system/framework/twaAnalytics.php on Line 27
2015-04-22 5:17 8 Undefined index: security in file /SugarSync/Web/twaframework.8.2/system/framework/twaController.php on Line 130
2015-04-22 5:17 8 Undefined index: home in file /SugarSync/Web/twaframework.8.2/system/framework/twaApp.php on Line 178
2015-04-22 5:17 8 Undefined property: twaConfig::$twa_API_KEY in file /SugarSync/Web/twaframework.8.2/system/framework/twaAnalytics.php on Line 27
2015-04-22 5:17 8 Undefined index: home in file /SugarSync/Web/twaframework.8.2/system/framework/twaController.php on Line 130
2015-04-22 5:17 8 Undefined property: twaConfig::$twa_API_KEY in file /SugarSync/Web/twaframework.8.2/web_content/pages/home/home.php on Line 59
2015-04-22 5:17 8 Undefined property: twaConfig::$twa_API_KEY in file /SugarSync/Web/twaframework.8.2/web_content/pages/home/home.php on Line 61
2015-04-22 5:17 8 Undefined property: twaConfig::$twa_API_KEY in file /SugarSync/Web/twaframework.8.2/web_content/pages/home/home.php on Line 64
2015-04-22 5:17 <pre class='xdebug-var-dump' dir='ltr'>
<b>array</b> <i>(size=4)</i>
  'url' <font color='#888a85'>=&gt;</font> <small>string</small> <font color='#cc0000'>'http://twaframework:8888/webservices.php'</font> <i>(length=40)</i>
  'twa_token' <font color='#888a85'>=&gt;</font> <small>string</small> <font color='#cc0000'>'e006bc390245563f4030288496857d15'</font> <i>(length=32)</i>
  'axn' <font color='#888a85'>=&gt;</font> <small>string</small> <font color='#cc0000'>'framework/auth'</font> <i>(length=14)</i>
  'code' <font color='#888a85'>=&gt;</font> <small>string</small> <font color='#cc0000'>'isadmin'</font> <i>(length=7)</i>
</pre>
2015-04-22 5:17 8 Undefined index: home in file /SugarSync/Web/twaframework.8.2/system/framework/twaApp.php on Line 178
2015-04-22 5:17 8 Undefined property: twaConfig::$twa_API_KEY in file /SugarSync/Web/twaframework.8.2/system/framework/twaAnalytics.php on Line 27
2015-04-22 5:17 8 Undefined index: home in file /SugarSync/Web/twaframework.8.2/system/framework/twaController.php on Line 130
2015-04-22 5:17 8 Undefined property: twaConfig::$twa_API_KEY in file /SugarSync/Web/twaframework.8.2/web_content/pages/home/home.php on Line 59
2015-04-22 5:17 8 Undefined property: twaConfig::$twa_API_KEY in file /SugarSync/Web/twaframework.8.2/web_content/pages/home/home.php on Line 61
2015-04-22 5:17 8 Undefined property: twaConfig::$twa_API_KEY in file /SugarSync/Web/twaframework.8.2/web_content/pages/home/home.php on Line 64
2015-04-22 5:17 8 Undefined index: home in file /SugarSync/Web/twaframework.8.2/system/framework/twaApp.php on Line 178
2015-04-22 5:17 8 Undefined property: twaConfig::$twa_API_KEY in file /SugarSync/Web/twaframework.8.2/system/framework/twaAnalytics.php on Line 27
2015-04-22 5:17 8 Undefined index: home in file /SugarSync/Web/twaframework.8.2/system/framework/twaController.php on Line 130
2015-04-22 5:17 8 Undefined property: twaConfig::$twa_API_KEY in file /SugarSync/Web/twaframework.8.2/web_content/pages/home/home.php on Line 59
2015-04-22 5:17 8 Undefined property: twaConfig::$twa_API_KEY in file /SugarSync/Web/twaframework.8.2/web_content/pages/home/home.php on Line 61
2015-04-22 5:17 8 Undefined property: twaConfig::$twa_API_KEY in file /SugarSync/Web/twaframework.8.2/web_content/pages/home/home.php on Line 64
2015-04-22 5:17 8 Undefined index: home in file /SugarSync/Web/twaframework.8.2/system/framework/twaApp.php on Line 178
2015-04-22 5:17 8 Undefined property: twaConfig::$twa_API_KEY in file /SugarSync/Web/twaframework.8.2/system/framework/twaAnalytics.php on Line 27
2015-04-22 5:17 8 Undefined index: home in file /SugarSync/Web/twaframework.8.2/system/framework/twaController.php on Line 130
2015-04-22 5:17 8 Undefined property: twaConfig::$twa_API_KEY in file /SugarSync/Web/twaframework.8.2/web_content/pages/home/home.php on Line 59
2015-04-22 5:17 8 Undefined property: twaConfig::$twa_API_KEY in file /SugarSync/Web/twaframework.8.2/web_content/pages/home/home.php on Line 61
2015-04-22 5:17 8 Undefined property: twaConfig::$twa_API_KEY in file /SugarSync/Web/twaframework.8.2/web_content/pages/home/home.php on Line 64
2015-04-22 5:17 8 Undefined index: home in file /SugarSync/Web/twaframework.8.2/system/framework/twaApp.php on Line 178
2015-04-22 5:17 8 Undefined property: twaConfig::$twa_API_KEY in file /SugarSync/Web/twaframework.8.2/system/framework/twaAnalytics.php on Line 27
2015-04-22 5:17 8 Undefined index: home in file /SugarSync/Web/twaframework.8.2/system/framework/twaController.php on Line 130
2015-04-22 5:17 8 Undefined property: twaConfig::$twa_API_KEY in file /SugarSync/Web/twaframework.8.2/web_content/pages/home/home.php on Line 59
2015-04-22 5:17 8 Undefined property: twaConfig::$twa_API_KEY in file /SugarSync/Web/twaframework.8.2/web_content/pages/home/home.php on Line 61
2015-04-22 5:17 8 Undefined property: twaConfig::$twa_API_KEY in file /SugarSync/Web/twaframework.8.2/web_content/pages/home/home.php on Line 64
2015-04-22 5:19 8 Undefined index: security in file /SugarSync/Web/twaframework.8.2/system/framework/twaApp.php on Line 178
2015-04-22 5:19 8 Undefined property: twaConfig::$twa_API_KEY in file /SugarSync/Web/twaframework.8.2/system/framework/twaAnalytics.php on Line 27
2015-04-22 5:19 8 Undefined index: security in file /SugarSync/Web/twaframework.8.2/system/framework/twaController.php on Line 130
2015-04-22 5:19 8 Undefined index: home in file /SugarSync/Web/twaframework.8.2/system/framework/twaApp.php on Line 178
2015-04-22 5:19 8 Undefined property: twaConfig::$twa_API_KEY in file /SugarSync/Web/twaframework.8.2/system/framework/twaAnalytics.php on Line 27
2015-04-22 5:19 8 Undefined index: home in file /SugarSync/Web/twaframework.8.2/system/framework/twaController.php on Line 130
2015-04-22 5:19 8 Undefined property: twaConfig::$twa_API_KEY in file /SugarSync/Web/twaframework.8.2/web_content/pages/home/home.php on Line 59
2015-04-22 5:19 8 Undefined property: twaConfig::$twa_API_KEY in file /SugarSync/Web/twaframework.8.2/web_content/pages/home/home.php on Line 61
2015-04-22 5:19 8 Undefined property: twaConfig::$twa_API_KEY in file /SugarSync/Web/twaframework.8.2/web_content/pages/home/home.php on Line 64
2015-04-22 5:19 <pre class='xdebug-var-dump' dir='ltr'>
<b>array</b> <i>(size=4)</i>
  'url' <font color='#888a85'>=&gt;</font> <small>string</small> <font color='#cc0000'>'http://twaframework:8888/webservices.php'</font> <i>(length=40)</i>
  'twa_token' <font color='#888a85'>=&gt;</font> <small>string</small> <font color='#cc0000'>'e006bc390245563f4030288496857d15'</font> <i>(length=32)</i>
  'axn' <font color='#888a85'>=&gt;</font> <small>string</small> <font color='#cc0000'>'framework/auth'</font> <i>(length=14)</i>
  'code' <font color='#888a85'>=&gt;</font> <small>string</small> <font color='#cc0000'>'isadmin'</font> <i>(length=7)</i>
</pre>
2015-04-22 5:19 8 Undefined index: home in file /SugarSync/Web/twaframework.8.2/system/framework/twaApp.php on Line 178
2015-04-22 5:19 8 Undefined property: twaConfig::$twa_API_KEY in file /SugarSync/Web/twaframework.8.2/system/framework/twaAnalytics.php on Line 27
2015-04-22 5:19 8 Undefined index: home in file /SugarSync/Web/twaframework.8.2/system/framework/twaController.php on Line 130
2015-04-22 5:19 8 Undefined property: twaConfig::$twa_API_KEY in file /SugarSync/Web/twaframework.8.2/web_content/pages/home/home.php on Line 59
2015-04-22 5:19 8 Undefined property: twaConfig::$twa_API_KEY in file /SugarSync/Web/twaframework.8.2/web_content/pages/home/home.php on Line 61
2015-04-22 5:19 8 Undefined property: twaConfig::$twa_API_KEY in file /SugarSync/Web/twaframework.8.2/web_content/pages/home/home.php on Line 64
2015-04-22 5:19 8 Undefined index: home in file /SugarSync/Web/twaframework.8.2/system/framework/twaApp.php on Line 178
2015-04-22 5:19 8 Undefined property: twaConfig::$twa_API_KEY in file /SugarSync/Web/twaframework.8.2/system/framework/twaAnalytics.php on Line 27
2015-04-22 5:19 8 Undefined index: home in file /SugarSync/Web/twaframework.8.2/system/framework/twaController.php on Line 130
2015-04-22 5:19 8 Undefined property: twaConfig::$twa_API_KEY in file /SugarSync/Web/twaframework.8.2/web_content/pages/home/home.php on Line 59
2015-04-22 5:19 8 Undefined property: twaConfig::$twa_API_KEY in file /SugarSync/Web/twaframework.8.2/web_content/pages/home/home.php on Line 61
2015-04-22 5:19 8 Undefined property: twaConfig::$twa_API_KEY in file /SugarSync/Web/twaframework.8.2/web_content/pages/home/home.php on Line 64
2015-04-22 5:19 8 Undefined index: home in file /SugarSync/Web/twaframework.8.2/system/framework/twaApp.php on Line 178
2015-04-22 5:19 8 Undefined property: twaConfig::$twa_API_KEY in file /SugarSync/Web/twaframework.8.2/system/framework/twaAnalytics.php on Line 27
2015-04-22 5:19 8 Undefined index: home in file /SugarSync/Web/twaframework.8.2/system/framework/twaController.php on Line 130
2015-04-22 5:19 8 Undefined property: twaConfig::$twa_API_KEY in file /SugarSync/Web/twaframework.8.2/web_content/pages/home/home.php on Line 59
2015-04-22 5:19 8 Undefined property: twaConfig::$twa_API_KEY in file /SugarSync/Web/twaframework.8.2/web_content/pages/home/home.php on Line 61
2015-04-22 5:19 8 Undefined property: twaConfig::$twa_API_KEY in file /SugarSync/Web/twaframework.8.2/web_content/pages/home/home.php on Line 64
2015-04-22 5:19 8 Undefined index: home in file /SugarSync/Web/twaframework.8.2/system/framework/twaApp.php on Line 178
2015-04-22 5:19 8 Undefined property: twaConfig::$twa_API_KEY in file /SugarSync/Web/twaframework.8.2/system/framework/twaAnalytics.php on Line 27
2015-04-22 5:19 8 Undefined index: home in file /SugarSync/Web/twaframework.8.2/system/framework/twaController.php on Line 130
2015-04-22 5:19 8 Undefined property: twaConfig::$twa_API_KEY in file /SugarSync/Web/twaframework.8.2/web_content/pages/home/home.php on Line 59
2015-04-22 5:19 8 Undefined property: twaConfig::$twa_API_KEY in file /SugarSync/Web/twaframework.8.2/web_content/pages/home/home.php on Line 61
2015-04-22 5:19 8 Undefined property: twaConfig::$twa_API_KEY in file /SugarSync/Web/twaframework.8.2/web_content/pages/home/home.php on Line 64
2015-04-22 5:20 8 Undefined index: security in file /SugarSync/Web/twaframework.8.2/system/framework/twaApp.php on Line 178
2015-04-22 5:20 8 Undefined property: twaConfig::$twa_API_KEY in file /SugarSync/Web/twaframework.8.2/system/framework/twaAnalytics.php on Line 27
2015-04-22 5:20 8 Undefined index: security in file /SugarSync/Web/twaframework.8.2/system/framework/twaController.php on Line 130
2015-04-22 5:20 8 Undefined index: home in file /SugarSync/Web/twaframework.8.2/system/framework/twaApp.php on Line 178
2015-04-22 5:20 8 Undefined property: twaConfig::$twa_API_KEY in file /SugarSync/Web/twaframework.8.2/system/framework/twaAnalytics.php on Line 27
2015-04-22 5:20 8 Undefined index: home in file /SugarSync/Web/twaframework.8.2/system/framework/twaController.php on Line 130
2015-04-22 5:20 8 Undefined property: twaConfig::$twa_API_KEY in file /SugarSync/Web/twaframework.8.2/web_content/pages/home/home.php on Line 59
2015-04-22 5:20 8 Undefined property: twaConfig::$twa_API_KEY in file /SugarSync/Web/twaframework.8.2/web_content/pages/home/home.php on Line 61
2015-04-22 5:20 8 Undefined property: twaConfig::$twa_API_KEY in file /SugarSync/Web/twaframework.8.2/web_content/pages/home/home.php on Line 64
2015-04-22 5:20 <pre class='xdebug-var-dump' dir='ltr'>
<b>array</b> <i>(size=4)</i>
  'url' <font color='#888a85'>=&gt;</font> <small>string</small> <font color='#cc0000'>'http://twaframework:8888/webservices.php'</font> <i>(length=40)</i>
  'twa_token' <font color='#888a85'>=&gt;</font> <small>string</small> <font color='#cc0000'>'e006bc390245563f4030288496857d15'</font> <i>(length=32)</i>
  'axn' <font color='#888a85'>=&gt;</font> <small>string</small> <font color='#cc0000'>'framework/auth'</font> <i>(length=14)</i>
  'code' <font color='#888a85'>=&gt;</font> <small>string</small> <font color='#cc0000'>'isadmin'</font> <i>(length=7)</i>
</pre>
2015-04-22 5:20 8 Undefined index: home in file /SugarSync/Web/twaframework.8.2/system/framework/twaApp.php on Line 178
2015-04-22 5:20 8 Undefined property: twaConfig::$twa_API_KEY in file /SugarSync/Web/twaframework.8.2/system/framework/twaAnalytics.php on Line 27
2015-04-22 5:20 8 Undefined index: home in file /SugarSync/Web/twaframework.8.2/system/framework/twaController.php on Line 130
2015-04-22 5:20 8 Undefined property: twaConfig::$twa_API_KEY in file /SugarSync/Web/twaframework.8.2/web_content/pages/home/home.php on Line 59
2015-04-22 5:20 8 Undefined property: twaConfig::$twa_API_KEY in file /SugarSync/Web/twaframework.8.2/web_content/pages/home/home.php on Line 61
2015-04-22 5:20 8 Undefined property: twaConfig::$twa_API_KEY in file /SugarSync/Web/twaframework.8.2/web_content/pages/home/home.php on Line 64
2015-04-22 5:20 8 Undefined index: home in file /SugarSync/Web/twaframework.8.2/system/framework/twaApp.php on Line 178
2015-04-22 5:20 8 Undefined property: twaConfig::$twa_API_KEY in file /SugarSync/Web/twaframework.8.2/system/framework/twaAnalytics.php on Line 27
2015-04-22 5:20 8 Undefined index: home in file /SugarSync/Web/twaframework.8.2/system/framework/twaController.php on Line 130
2015-04-22 5:20 8 Undefined property: twaConfig::$twa_API_KEY in file /SugarSync/Web/twaframework.8.2/web_content/pages/home/home.php on Line 59
2015-04-22 5:20 8 Undefined property: twaConfig::$twa_API_KEY in file /SugarSync/Web/twaframework.8.2/web_content/pages/home/home.php on Line 61
2015-04-22 5:20 8 Undefined property: twaConfig::$twa_API_KEY in file /SugarSync/Web/twaframework.8.2/web_content/pages/home/home.php on Line 64
2015-04-22 5:20 8 Undefined index: home in file /SugarSync/Web/twaframework.8.2/system/framework/twaApp.php on Line 178
2015-04-22 5:20 8 Undefined property: twaConfig::$twa_API_KEY in file /SugarSync/Web/twaframework.8.2/system/framework/twaAnalytics.php on Line 27
2015-04-22 5:20 8 Undefined index: home in file /SugarSync/Web/twaframework.8.2/system/framework/twaController.php on Line 130
2015-04-22 5:20 8 Undefined property: twaConfig::$twa_API_KEY in file /SugarSync/Web/twaframework.8.2/web_content/pages/home/home.php on Line 59
2015-04-22 5:20 8 Undefined property: twaConfig::$twa_API_KEY in file /SugarSync/Web/twaframework.8.2/web_content/pages/home/home.php on Line 61
2015-04-22 5:20 8 Undefined property: twaConfig::$twa_API_KEY in file /SugarSync/Web/twaframework.8.2/web_content/pages/home/home.php on Line 64
2015-04-22 5:20 8 Undefined index: home in file /SugarSync/Web/twaframework.8.2/system/framework/twaApp.php on Line 178
2015-04-22 5:20 8 Undefined property: twaConfig::$twa_API_KEY in file /SugarSync/Web/twaframework.8.2/system/framework/twaAnalytics.php on Line 27
2015-04-22 5:20 8 Undefined index: home in file /SugarSync/Web/twaframework.8.2/system/framework/twaController.php on Line 130
2015-04-22 5:20 8 Undefined property: twaConfig::$twa_API_KEY in file /SugarSync/Web/twaframework.8.2/web_content/pages/home/home.php on Line 59
2015-04-22 5:20 8 Undefined property: twaConfig::$twa_API_KEY in file /SugarSync/Web/twaframework.8.2/web_content/pages/home/home.php on Line 61
2015-04-22 5:20 8 Undefined property: twaConfig::$twa_API_KEY in file /SugarSync/Web/twaframework.8.2/web_content/pages/home/home.php on Line 64
2015-04-22 5:20 8 Undefined index: security in file /SugarSync/Web/twaframework.8.2/system/framework/twaApp.php on Line 178
2015-04-22 5:20 8 Undefined property: twaConfig::$twa_API_KEY in file /SugarSync/Web/twaframework.8.2/system/framework/twaAnalytics.php on Line 27
2015-04-22 5:20 8 Undefined index: security in file /SugarSync/Web/twaframework.8.2/system/framework/twaController.php on Line 130
2015-04-22 5:20 8 Undefined index: home in file /SugarSync/Web/twaframework.8.2/system/framework/twaApp.php on Line 178
2015-04-22 5:20 8 Undefined property: twaConfig::$twa_API_KEY in file /SugarSync/Web/twaframework.8.2/system/framework/twaAnalytics.php on Line 27
2015-04-22 5:20 8 Undefined index: home in file /SugarSync/Web/twaframework.8.2/system/framework/twaController.php on Line 130
2015-04-22 5:20 8 Undefined property: twaConfig::$twa_API_KEY in file /SugarSync/Web/twaframework.8.2/web_content/pages/home/home.php on Line 59
2015-04-22 5:20 8 Undefined property: twaConfig::$twa_API_KEY in file /SugarSync/Web/twaframework.8.2/web_content/pages/home/home.php on Line 61
2015-04-22 5:20 8 Undefined property: twaConfig::$twa_API_KEY in file /SugarSync/Web/twaframework.8.2/web_content/pages/home/home.php on Line 64
2015-04-22 5:20 <pre class='xdebug-var-dump' dir='ltr'>
<b>array</b> <i>(size=4)</i>
  'url' <font color='#888a85'>=&gt;</font> <small>string</small> <font color='#cc0000'>'http://twaframework:8888/webservices.php'</font> <i>(length=40)</i>
  'twa_token' <font color='#888a85'>=&gt;</font> <small>string</small> <font color='#cc0000'>'e006bc390245563f4030288496857d15'</font> <i>(length=32)</i>
  'axn' <font color='#888a85'>=&gt;</font> <small>string</small> <font color='#cc0000'>'framework/auth'</font> <i>(length=14)</i>
  'code' <font color='#888a85'>=&gt;</font> <small>string</small> <font color='#cc0000'>'isadmin'</font> <i>(length=7)</i>
</pre>
2015-04-22 5:20 8 Undefined index: home in file /SugarSync/Web/twaframework.8.2/system/framework/twaApp.php on Line 178
2015-04-22 5:20 8 Undefined property: twaConfig::$twa_API_KEY in file /SugarSync/Web/twaframework.8.2/system/framework/twaAnalytics.php on Line 27
2015-04-22 5:20 8 Undefined index: home in file /SugarSync/Web/twaframework.8.2/system/framework/twaController.php on Line 130
2015-04-22 5:20 8 Undefined property: twaConfig::$twa_API_KEY in file /SugarSync/Web/twaframework.8.2/web_content/pages/home/home.php on Line 59
2015-04-22 5:20 8 Undefined property: twaConfig::$twa_API_KEY in file /SugarSync/Web/twaframework.8.2/web_content/pages/home/home.php on Line 61
2015-04-22 5:20 8 Undefined property: twaConfig::$twa_API_KEY in file /SugarSync/Web/twaframework.8.2/web_content/pages/home/home.php on Line 64
2015-04-22 5:20 8 Undefined index: home in file /SugarSync/Web/twaframework.8.2/system/framework/twaApp.php on Line 178
2015-04-22 5:20 8 Undefined property: twaConfig::$twa_API_KEY in file /SugarSync/Web/twaframework.8.2/system/framework/twaAnalytics.php on Line 27
2015-04-22 5:20 8 Undefined index: home in file /SugarSync/Web/twaframework.8.2/system/framework/twaController.php on Line 130
2015-04-22 5:20 8 Undefined property: twaConfig::$twa_API_KEY in file /SugarSync/Web/twaframework.8.2/web_content/pages/home/home.php on Line 59
2015-04-22 5:20 8 Undefined property: twaConfig::$twa_API_KEY in file /SugarSync/Web/twaframework.8.2/web_content/pages/home/home.php on Line 61
2015-04-22 5:20 8 Undefined property: twaConfig::$twa_API_KEY in file /SugarSync/Web/twaframework.8.2/web_content/pages/home/home.php on Line 64
2015-04-22 5:20 8 Undefined index: home in file /SugarSync/Web/twaframework.8.2/system/framework/twaApp.php on Line 178
2015-04-22 5:20 8 Undefined property: twaConfig::$twa_API_KEY in file /SugarSync/Web/twaframework.8.2/system/framework/twaAnalytics.php on Line 27
2015-04-22 5:20 8 Undefined index: home in file /SugarSync/Web/twaframework.8.2/system/framework/twaController.php on Line 130
2015-04-22 5:20 8 Undefined property: twaConfig::$twa_API_KEY in file /SugarSync/Web/twaframework.8.2/web_content/pages/home/home.php on Line 59
2015-04-22 5:20 8 Undefined property: twaConfig::$twa_API_KEY in file /SugarSync/Web/twaframework.8.2/web_content/pages/home/home.php on Line 61
2015-04-22 5:20 8 Undefined property: twaConfig::$twa_API_KEY in file /SugarSync/Web/twaframework.8.2/web_content/pages/home/home.php on Line 64
2015-04-22 5:20 8 Undefined index: home in file /SugarSync/Web/twaframework.8.2/system/framework/twaApp.php on Line 178
2015-04-22 5:20 8 Undefined property: twaConfig::$twa_API_KEY in file /SugarSync/Web/twaframework.8.2/system/framework/twaAnalytics.php on Line 27
2015-04-22 5:20 8 Undefined index: home in file /SugarSync/Web/twaframework.8.2/system/framework/twaController.php on Line 130
2015-04-22 5:20 8 Undefined property: twaConfig::$twa_API_KEY in file /SugarSync/Web/twaframework.8.2/web_content/pages/home/home.php on Line 59
2015-04-22 5:20 8 Undefined property: twaConfig::$twa_API_KEY in file /SugarSync/Web/twaframework.8.2/web_content/pages/home/home.php on Line 61
2015-04-22 5:20 8 Undefined property: twaConfig::$twa_API_KEY in file /SugarSync/Web/twaframework.8.2/web_content/pages/home/home.php on Line 64
2015-04-22 5:20 8 Undefined index: home in file /SugarSync/Web/twaframework.8.2/system/framework/twaApp.php on Line 178
2015-04-22 5:20 8 Undefined property: twaConfig::$twa_API_KEY in file /SugarSync/Web/twaframework.8.2/system/framework/twaAnalytics.php on Line 27
2015-04-22 5:20 8 Undefined index: home in file /SugarSync/Web/twaframework.8.2/system/framework/twaController.php on Line 130
2015-04-22 5:20 8 Undefined property: twaConfig::$twa_API_KEY in file /SugarSync/Web/twaframework.8.2/web_content/pages/home/home.php on Line 59
2015-04-22 5:20 8 Undefined property: twaConfig::$twa_API_KEY in file /SugarSync/Web/twaframework.8.2/web_content/pages/home/home.php on Line 61
2015-04-22 5:20 8 Undefined property: twaConfig::$twa_API_KEY in file /SugarSync/Web/twaframework.8.2/web_content/pages/home/home.php on Line 64
2015-04-22 5:20 8 Undefined index: home in file /SugarSync/Web/twaframework.8.2/system/framework/twaApp.php on Line 178
2015-04-22 5:20 8 Undefined property: twaConfig::$twa_API_KEY in file /SugarSync/Web/twaframework.8.2/system/framework/twaAnalytics.php on Line 27
2015-04-22 5:20 8 Undefined index: home in file /SugarSync/Web/twaframework.8.2/system/framework/twaController.php on Line 130
2015-04-22 5:20 8 Undefined property: twaConfig::$twa_API_KEY in file /SugarSync/Web/twaframework.8.2/web_content/pages/home/home.php on Line 59
2015-04-22 5:20 8 Undefined property: twaConfig::$twa_API_KEY in file /SugarSync/Web/twaframework.8.2/web_content/pages/home/home.php on Line 61
2015-04-22 5:20 8 Undefined property: twaConfig::$twa_API_KEY in file /SugarSync/Web/twaframework.8.2/web_content/pages/home/home.php on Line 64
2015-04-22 5:20 8 Undefined index: home in file /SugarSync/Web/twaframework.8.2/system/framework/twaApp.php on Line 178
2015-04-22 5:20 8 Undefined property: twaConfig::$twa_API_KEY in file /SugarSync/Web/twaframework.8.2/system/framework/twaAnalytics.php on Line 27
2015-04-22 5:20 8 Undefined index: home in file /SugarSync/Web/twaframework.8.2/system/framework/twaController.php on Line 130
2015-04-22 5:20 8 Undefined property: twaConfig::$twa_API_KEY in file /SugarSync/Web/twaframework.8.2/web_content/pages/home/home.php on Line 59
2015-04-22 5:20 8 Undefined property: twaConfig::$twa_API_KEY in file /SugarSync/Web/twaframework.8.2/web_content/pages/home/home.php on Line 61
2015-04-22 5:20 8 Undefined property: twaConfig::$twa_API_KEY in file /SugarSync/Web/twaframework.8.2/web_content/pages/home/home.php on Line 64
2015-04-22 5:20 8 Undefined index: home in file /SugarSync/Web/twaframework.8.2/system/framework/twaApp.php on Line 178
2015-04-22 5:20 8 Undefined property: twaConfig::$twa_API_KEY in file /SugarSync/Web/twaframework.8.2/system/framework/twaAnalytics.php on Line 27
2015-04-22 5:20 8 Undefined index: home in file /SugarSync/Web/twaframework.8.2/system/framework/twaController.php on Line 130
2015-04-22 5:20 8 Undefined property: twaConfig::$twa_API_KEY in file /SugarSync/Web/twaframework.8.2/web_content/pages/home/home.php on Line 59
2015-04-22 5:20 8 Undefined property: twaConfig::$twa_API_KEY in file /SugarSync/Web/twaframework.8.2/web_content/pages/home/home.php on Line 61
2015-04-22 5:20 8 Undefined property: twaConfig::$twa_API_KEY in file /SugarSync/Web/twaframework.8.2/web_content/pages/home/home.php on Line 64
2015-04-22 5:20 8 Undefined index: home in file /SugarSync/Web/twaframework.8.2/system/framework/twaApp.php on Line 178
2015-04-22 5:20 8 Undefined property: twaConfig::$twa_API_KEY in file /SugarSync/Web/twaframework.8.2/system/framework/twaAnalytics.php on Line 27
2015-04-22 5:20 8 Undefined index: home in file /SugarSync/Web/twaframework.8.2/system/framework/twaController.php on Line 130
2015-04-22 5:20 8 Undefined property: twaConfig::$twa_API_KEY in file /SugarSync/Web/twaframework.8.2/web_content/pages/home/home.php on Line 59
2015-04-22 5:20 8 Undefined property: twaConfig::$twa_API_KEY in file /SugarSync/Web/twaframework.8.2/web_content/pages/home/home.php on Line 61
2015-04-22 5:20 8 Undefined property: twaConfig::$twa_API_KEY in file /SugarSync/Web/twaframework.8.2/web_content/pages/home/home.php on Line 64
2015-04-22 5:20 8 Undefined index: home in file /SugarSync/Web/twaframework.8.2/system/framework/twaApp.php on Line 178
2015-04-22 5:20 8 Undefined property: twaConfig::$twa_API_KEY in file /SugarSync/Web/twaframework.8.2/system/framework/twaAnalytics.php on Line 27
2015-04-22 5:20 8 Undefined index: home in file /SugarSync/Web/twaframework.8.2/system/framework/twaController.php on Line 130
2015-04-22 5:20 8 Undefined property: twaConfig::$twa_API_KEY in file /SugarSync/Web/twaframework.8.2/web_content/pages/home/home.php on Line 59
2015-04-22 5:20 8 Undefined property: twaConfig::$twa_API_KEY in file /SugarSync/Web/twaframework.8.2/web_content/pages/home/home.php on Line 61
2015-04-22 5:20 8 Undefined property: twaConfig::$twa_API_KEY in file /SugarSync/Web/twaframework.8.2/web_content/pages/home/home.php on Line 64
2015-04-22 5:21 2 Missing argument 2 for twaWebServices::fail(), called in /SugarSync/Web/twaframework.8.2/system/framework/twaWebServices.php on line 109 and defined in file /SugarSync/Web/twaframework.8.2/system/framework/twaWebServices.php on Line 122
2015-04-22 5:21 8 Undefined variable: error in file /SugarSync/Web/twaframework.8.2/system/framework/twaWebServices.php on Line 123
2015-04-22 5:21 8 Undefined index: home in file /SugarSync/Web/twaframework.8.2/system/framework/twaApp.php on Line 178
2015-04-22 5:21 8 Undefined property: twaConfig::$twa_API_KEY in file /SugarSync/Web/twaframework.8.2/system/framework/twaAnalytics.php on Line 27
2015-04-22 5:21 8 Undefined index: home in file /SugarSync/Web/twaframework.8.2/system/framework/twaController.php on Line 130
2015-04-22 5:21 8 Undefined property: twaConfig::$twa_API_KEY in file /SugarSync/Web/twaframework.8.2/web_content/pages/home/home.php on Line 59
2015-04-22 5:21 8 Undefined property: twaConfig::$twa_API_KEY in file /SugarSync/Web/twaframework.8.2/web_content/pages/home/home.php on Line 61
2015-04-22 5:21 8 Undefined property: twaConfig::$twa_API_KEY in file /SugarSync/Web/twaframework.8.2/web_content/pages/home/home.php on Line 64
2015-04-22 5:22 8 Undefined index: home in file /SugarSync/Web/twaframework.8.2/system/framework/twaApp.php on Line 178
2015-04-22 5:22 8 Undefined property: twaConfig::$twa_API_KEY in file /SugarSync/Web/twaframework.8.2/system/framework/twaAnalytics.php on Line 27
2015-04-22 5:22 8 Undefined index: home in file /SugarSync/Web/twaframework.8.2/system/framework/twaController.php on Line 130
2015-04-22 5:22 8 Undefined property: twaConfig::$twa_API_KEY in file /SugarSync/Web/twaframework.8.2/web_content/pages/home/home.php on Line 59
2015-04-22 5:22 8 Undefined property: twaConfig::$twa_API_KEY in file /SugarSync/Web/twaframework.8.2/web_content/pages/home/home.php on Line 61
2015-04-22 5:22 8 Undefined property: twaConfig::$twa_API_KEY in file /SugarSync/Web/twaframework.8.2/web_content/pages/home/home.php on Line 64
2015-04-22 5:22 8 Undefined index: home in file /SugarSync/Web/twaframework.8.2/system/framework/twaApp.php on Line 178
2015-04-22 5:22 8 Undefined property: twaConfig::$twa_API_KEY in file /SugarSync/Web/twaframework.8.2/system/framework/twaAnalytics.php on Line 27
2015-04-22 5:22 8 Undefined index: home in file /SugarSync/Web/twaframework.8.2/system/framework/twaController.php on Line 130
2015-04-22 5:22 8 Undefined property: twaConfig::$twa_API_KEY in file /SugarSync/Web/twaframework.8.2/web_content/pages/home/home.php on Line 59
2015-04-22 5:22 8 Undefined property: twaConfig::$twa_API_KEY in file /SugarSync/Web/twaframework.8.2/web_content/pages/home/home.php on Line 61
2015-04-22 5:22 8 Undefined property: twaConfig::$twa_API_KEY in file /SugarSync/Web/twaframework.8.2/web_content/pages/home/home.php on Line 64
2015-04-22 5:22 8 Undefined index: home in file /SugarSync/Web/twaframework.8.2/system/framework/twaApp.php on Line 178
2015-04-22 5:22 8 Undefined property: twaConfig::$twa_API_KEY in file /SugarSync/Web/twaframework.8.2/system/framework/twaAnalytics.php on Line 27
2015-04-22 5:22 8 Undefined index: home in file /SugarSync/Web/twaframework.8.2/system/framework/twaController.php on Line 130
2015-04-22 5:22 8 Undefined property: twaConfig::$twa_API_KEY in file /SugarSync/Web/twaframework.8.2/web_content/pages/home/home.php on Line 59
2015-04-22 5:22 8 Undefined property: twaConfig::$twa_API_KEY in file /SugarSync/Web/twaframework.8.2/web_content/pages/home/home.php on Line 61
2015-04-22 5:22 8 Undefined property: twaConfig::$twa_API_KEY in file /SugarSync/Web/twaframework.8.2/web_content/pages/home/home.php on Line 64
2015-04-22 5:22 8 Undefined index: home in file /SugarSync/Web/twaframework.8.2/system/framework/twaApp.php on Line 178
2015-04-22 5:22 8 Undefined property: twaConfig::$twa_API_KEY in file /SugarSync/Web/twaframework.8.2/system/framework/twaAnalytics.php on Line 27
2015-04-22 5:22 8 Undefined index: home in file /SugarSync/Web/twaframework.8.2/system/framework/twaController.php on Line 130
2015-04-22 5:22 8 Undefined property: twaConfig::$twa_API_KEY in file /SugarSync/Web/twaframework.8.2/web_content/pages/home/home.php on Line 59
2015-04-22 5:22 8 Undefined property: twaConfig::$twa_API_KEY in file /SugarSync/Web/twaframework.8.2/web_content/pages/home/home.php on Line 61
2015-04-22 5:22 8 Undefined property: twaConfig::$twa_API_KEY in file /SugarSync/Web/twaframework.8.2/web_content/pages/home/home.php on Line 64
2015-04-22 5:22 8 Undefined index: home in file /SugarSync/Web/twaframework.8.2/system/framework/twaApp.php on Line 178
2015-04-22 5:22 8 Undefined property: twaConfig::$twa_API_KEY in file /SugarSync/Web/twaframework.8.2/system/framework/twaAnalytics.php on Line 27
2015-04-22 5:22 8 Undefined index: home in file /SugarSync/Web/twaframework.8.2/system/framework/twaController.php on Line 130
2015-04-22 5:22 8 Undefined property: twaConfig::$twa_API_KEY in file /SugarSync/Web/twaframework.8.2/web_content/pages/home/home.php on Line 59
2015-04-22 5:22 8 Undefined property: twaConfig::$twa_API_KEY in file /SugarSync/Web/twaframework.8.2/web_content/pages/home/home.php on Line 61
2015-04-22 5:22 8 Undefined property: twaConfig::$twa_API_KEY in file /SugarSync/Web/twaframework.8.2/web_content/pages/home/home.php on Line 64
2015-04-22 5:22 8 Undefined index: home in file /SugarSync/Web/twaframework.8.2/system/framework/twaApp.php on Line 178
2015-04-22 5:22 8 Undefined property: twaConfig::$twa_API_KEY in file /SugarSync/Web/twaframework.8.2/system/framework/twaAnalytics.php on Line 27
2015-04-22 5:22 8 Undefined index: home in file /SugarSync/Web/twaframework.8.2/system/framework/twaController.php on Line 130
2015-04-22 5:22 8 Undefined property: twaConfig::$twa_API_KEY in file /SugarSync/Web/twaframework.8.2/web_content/pages/home/home.php on Line 59
2015-04-22 5:22 8 Undefined property: twaConfig::$twa_API_KEY in file /SugarSync/Web/twaframework.8.2/web_content/pages/home/home.php on Line 61
2015-04-22 5:22 8 Undefined property: twaConfig::$twa_API_KEY in file /SugarSync/Web/twaframework.8.2/web_content/pages/home/home.php on Line 64
2015-04-22 5:53 8 Undefined index: home in file /SugarSync/Web/twaframework.8.2/system/framework/twaApp.php on Line 178
2015-04-22 5:53 8 Undefined property: twaConfig::$twa_API_KEY in file /SugarSync/Web/twaframework.8.2/system/framework/twaAnalytics.php on Line 27
2015-04-22 5:53 8 Undefined index: home in file /SugarSync/Web/twaframework.8.2/system/framework/twaController.php on Line 130
2015-04-22 5:53 8 Undefined property: twaConfig::$twa_API_KEY in file /SugarSync/Web/twaframework.8.2/web_content/pages/home/home.php on Line 59
2015-04-22 5:53 8 Undefined property: twaConfig::$twa_API_KEY in file /SugarSync/Web/twaframework.8.2/web_content/pages/home/home.php on Line 61
2015-04-22 5:53 8 Undefined property: twaConfig::$twa_API_KEY in file /SugarSync/Web/twaframework.8.2/web_content/pages/home/home.php on Line 64
2015-04-22 5:53 8 Undefined index: home in file /SugarSync/Web/twaframework.8.2/system/framework/twaApp.php on Line 178
2015-04-22 5:53 8 Undefined property: twaConfig::$twa_API_KEY in file /SugarSync/Web/twaframework.8.2/system/framework/twaAnalytics.php on Line 27
2015-04-22 5:53 8 Undefined index: home in file /SugarSync/Web/twaframework.8.2/system/framework/twaController.php on Line 130
2015-04-22 5:53 8 Undefined property: twaConfig::$twa_API_KEY in file /SugarSync/Web/twaframework.8.2/web_content/pages/home/home.php on Line 59
2015-04-22 5:53 8 Undefined property: twaConfig::$twa_API_KEY in file /SugarSync/Web/twaframework.8.2/web_content/pages/home/home.php on Line 61
2015-04-22 5:53 8 Undefined property: twaConfig::$twa_API_KEY in file /SugarSync/Web/twaframework.8.2/web_content/pages/home/home.php on Line 64
2015-04-22 5:53 8 Undefined index: home in file /SugarSync/Web/twaframework.8.2/system/framework/twaApp.php on Line 178
2015-04-22 5:53 8 Undefined property: twaConfig::$twa_API_KEY in file /SugarSync/Web/twaframework.8.2/system/framework/twaAnalytics.php on Line 27
2015-04-22 5:53 8 Undefined index: home in file /SugarSync/Web/twaframework.8.2/system/framework/twaController.php on Line 130
2015-04-22 5:53 8 Undefined property: twaConfig::$twa_API_KEY in file /SugarSync/Web/twaframework.8.2/web_content/pages/home/home.php on Line 59
2015-04-22 5:53 8 Undefined property: twaConfig::$twa_API_KEY in file /SugarSync/Web/twaframework.8.2/web_content/pages/home/home.php on Line 61
2015-04-22 5:53 8 Undefined property: twaConfig::$twa_API_KEY in file /SugarSync/Web/twaframework.8.2/web_content/pages/home/home.php on Line 64
2015-04-22 5:53 8 Undefined index: home in file /SugarSync/Web/twaframework.8.2/system/framework/twaApp.php on Line 178
2015-04-22 5:53 8 Undefined property: twaConfig::$twa_API_KEY in file /SugarSync/Web/twaframework.8.2/system/framework/twaAnalytics.php on Line 27
2015-04-22 5:53 8 Undefined index: home in file /SugarSync/Web/twaframework.8.2/system/framework/twaController.php on Line 130
2015-04-22 5:53 8 Undefined property: twaConfig::$twa_API_KEY in file /SugarSync/Web/twaframework.8.2/web_content/pages/home/home.php on Line 59
2015-04-22 5:53 8 Undefined property: twaConfig::$twa_API_KEY in file /SugarSync/Web/twaframework.8.2/web_content/pages/home/home.php on Line 61
2015-04-22 5:53 8 Undefined property: twaConfig::$twa_API_KEY in file /SugarSync/Web/twaframework.8.2/web_content/pages/home/home.php on Line 64
2015-04-22 5:53 8 Undefined index: home in file /SugarSync/Web/twaframework.8.2/system/framework/twaApp.php on Line 178
2015-04-22 5:53 8 Undefined property: twaConfig::$twa_API_KEY in file /SugarSync/Web/twaframework.8.2/system/framework/twaAnalytics.php on Line 27
2015-04-22 5:53 8 Undefined index: home in file /SugarSync/Web/twaframework.8.2/system/framework/twaController.php on Line 130
2015-04-22 5:53 8 Undefined property: twaConfig::$twa_API_KEY in file /SugarSync/Web/twaframework.8.2/web_content/pages/home/home.php on Line 59
2015-04-22 5:53 8 Undefined property: twaConfig::$twa_API_KEY in file /SugarSync/Web/twaframework.8.2/web_content/pages/home/home.php on Line 61
2015-04-22 5:53 8 Undefined property: twaConfig::$twa_API_KEY in file /SugarSync/Web/twaframework.8.2/web_content/pages/home/home.php on Line 64
2015-04-22 5:53 8 Undefined index: home in file /SugarSync/Web/twaframework.8.2/system/framework/twaApp.php on Line 178
2015-04-22 5:53 8 Undefined property: twaConfig::$twa_API_KEY in file /SugarSync/Web/twaframework.8.2/system/framework/twaAnalytics.php on Line 27
2015-04-22 5:53 8 Undefined index: home in file /SugarSync/Web/twaframework.8.2/system/framework/twaController.php on Line 130
2015-04-22 5:53 8 Undefined property: twaConfig::$twa_API_KEY in file /SugarSync/Web/twaframework.8.2/web_content/pages/home/home.php on Line 59
2015-04-22 5:53 8 Undefined property: twaConfig::$twa_API_KEY in file /SugarSync/Web/twaframework.8.2/web_content/pages/home/home.php on Line 61
2015-04-22 5:53 8 Undefined property: twaConfig::$twa_API_KEY in file /SugarSync/Web/twaframework.8.2/web_content/pages/home/home.php on Line 64
2015-04-22 5:53 8 Undefined index: home in file /SugarSync/Web/twaframework.8.2/system/framework/twaApp.php on Line 178
2015-04-22 5:53 8 Undefined property: twaConfig::$twa_API_KEY in file /SugarSync/Web/twaframework.8.2/system/framework/twaAnalytics.php on Line 27
2015-04-22 5:53 8 Undefined index: home in file /SugarSync/Web/twaframework.8.2/system/framework/twaController.php on Line 130
2015-04-22 5:53 8 Undefined property: twaConfig::$twa_API_KEY in file /SugarSync/Web/twaframework.8.2/web_content/pages/home/home.php on Line 59
2015-04-22 5:53 8 Undefined property: twaConfig::$twa_API_KEY in file /SugarSync/Web/twaframework.8.2/web_content/pages/home/home.php on Line 61
2015-04-22 5:53 8 Undefined property: twaConfig::$twa_API_KEY in file /SugarSync/Web/twaframework.8.2/web_content/pages/home/home.php on Line 64
2015-04-22 5:53 8 Undefined index: home in file /SugarSync/Web/twaframework.8.2/system/framework/twaApp.php on Line 178
2015-04-22 5:53 8 Undefined property: twaConfig::$twa_API_KEY in file /SugarSync/Web/twaframework.8.2/system/framework/twaAnalytics.php on Line 27
2015-04-22 5:53 8 Undefined index: home in file /SugarSync/Web/twaframework.8.2/system/framework/twaController.php on Line 130
2015-04-22 5:53 8 Undefined property: twaConfig::$twa_API_KEY in file /SugarSync/Web/twaframework.8.2/web_content/pages/home/home.php on Line 59
2015-04-22 5:53 8 Undefined property: twaConfig::$twa_API_KEY in file /SugarSync/Web/twaframework.8.2/web_content/pages/home/home.php on Line 61
2015-04-22 5:53 8 Undefined property: twaConfig::$twa_API_KEY in file /SugarSync/Web/twaframework.8.2/web_content/pages/home/home.php on Line 64
2015-04-22 5:53 8 Undefined index: home in file /SugarSync/Web/twaframework.8.2/system/framework/twaApp.php on Line 178
2015-04-22 5:53 8 Undefined property: twaConfig::$twa_API_KEY in file /SugarSync/Web/twaframework.8.2/system/framework/twaAnalytics.php on Line 27
2015-04-22 5:53 8 Undefined index: home in file /SugarSync/Web/twaframework.8.2/system/framework/twaController.php on Line 130
2015-04-22 5:53 8 Undefined property: twaConfig::$twa_API_KEY in file /SugarSync/Web/twaframework.8.2/web_content/pages/home/home.php on Line 59
2015-04-22 5:53 8 Undefined property: twaConfig::$twa_API_KEY in file /SugarSync/Web/twaframework.8.2/web_content/pages/home/home.php on Line 61
2015-04-22 5:53 8 Undefined property: twaConfig::$twa_API_KEY in file /SugarSync/Web/twaframework.8.2/web_content/pages/home/home.php on Line 64
2015-04-22 5:53 8 Undefined index: home in file /SugarSync/Web/twaframework.8.2/system/framework/twaApp.php on Line 178
2015-04-22 5:53 8 Undefined property: twaConfig::$twa_API_KEY in file /SugarSync/Web/twaframework.8.2/system/framework/twaAnalytics.php on Line 27
2015-04-22 5:53 8 Undefined index: home in file /SugarSync/Web/twaframework.8.2/system/framework/twaController.php on Line 130
2015-04-22 5:53 8 Undefined property: twaConfig::$twa_API_KEY in file /SugarSync/Web/twaframework.8.2/web_content/pages/home/home.php on Line 59
2015-04-22 5:53 8 Undefined property: twaConfig::$twa_API_KEY in file /SugarSync/Web/twaframework.8.2/web_content/pages/home/home.php on Line 61
2015-04-22 5:53 8 Undefined property: twaConfig::$twa_API_KEY in file /SugarSync/Web/twaframework.8.2/web_content/pages/home/home.php on Line 64
2015-04-22 5:53 8 Undefined index: home in file /SugarSync/Web/twaframework.8.2/system/framework/twaApp.php on Line 178
2015-04-22 5:53 8 Undefined property: twaConfig::$twa_API_KEY in file /SugarSync/Web/twaframework.8.2/system/framework/twaAnalytics.php on Line 27
2015-04-22 5:53 8 Undefined index: home in file /SugarSync/Web/twaframework.8.2/system/framework/twaController.php on Line 130
2015-04-22 5:53 8 Undefined property: twaConfig::$twa_API_KEY in file /SugarSync/Web/twaframework.8.2/web_content/pages/home/home.php on Line 59
2015-04-22 5:53 8 Undefined property: twaConfig::$twa_API_KEY in file /SugarSync/Web/twaframework.8.2/web_content/pages/home/home.php on Line 61
2015-04-22 5:53 8 Undefined property: twaConfig::$twa_API_KEY in file /SugarSync/Web/twaframework.8.2/web_content/pages/home/home.php on Line 64
2015-04-22 5:53 8 Undefined index: home in file /SugarSync/Web/twaframework.8.2/system/framework/twaApp.php on Line 178
2015-04-22 5:53 8 Undefined property: twaConfig::$twa_API_KEY in file /SugarSync/Web/twaframework.8.2/system/framework/twaAnalytics.php on Line 27
2015-04-22 5:53 8 Undefined index: home in file /SugarSync/Web/twaframework.8.2/system/framework/twaController.php on Line 130
2015-04-22 5:53 8 Undefined property: twaConfig::$twa_API_KEY in file /SugarSync/Web/twaframework.8.2/web_content/pages/home/home.php on Line 59
2015-04-22 5:53 8 Undefined property: twaConfig::$twa_API_KEY in file /SugarSync/Web/twaframework.8.2/web_content/pages/home/home.php on Line 61
2015-04-22 5:53 8 Undefined property: twaConfig::$twa_API_KEY in file /SugarSync/Web/twaframework.8.2/web_content/pages/home/home.php on Line 64
2015-04-22 5:53 8 Undefined index: home in file /SugarSync/Web/twaframework.8.2/system/framework/twaApp.php on Line 178
2015-04-22 5:53 8 Undefined property: twaConfig::$twa_API_KEY in file /SugarSync/Web/twaframework.8.2/system/framework/twaAnalytics.php on Line 27
2015-04-22 5:53 8 Undefined index: home in file /SugarSync/Web/twaframework.8.2/system/framework/twaController.php on Line 130
2015-04-22 5:53 8 Undefined property: twaConfig::$twa_API_KEY in file /SugarSync/Web/twaframework.8.2/web_content/pages/home/home.php on Line 59
2015-04-22 5:53 8 Undefined property: twaConfig::$twa_API_KEY in file /SugarSync/Web/twaframework.8.2/web_content/pages/home/home.php on Line 61
2015-04-22 5:53 8 Undefined property: twaConfig::$twa_API_KEY in file /SugarSync/Web/twaframework.8.2/web_content/pages/home/home.php on Line 64
2015-04-22 5:53 8 Undefined index: home in file /SugarSync/Web/twaframework.8.2/system/framework/twaApp.php on Line 178
2015-04-22 5:53 8 Undefined property: twaConfig::$twa_API_KEY in file /SugarSync/Web/twaframework.8.2/system/framework/twaAnalytics.php on Line 27
2015-04-22 5:53 8 Undefined index: home in file /SugarSync/Web/twaframework.8.2/system/framework/twaController.php on Line 130
2015-04-22 5:53 8 Undefined property: twaConfig::$twa_API_KEY in file /SugarSync/Web/twaframework.8.2/web_content/pages/home/home.php on Line 59
2015-04-22 5:53 8 Undefined property: twaConfig::$twa_API_KEY in file /SugarSync/Web/twaframework.8.2/web_content/pages/home/home.php on Line 61
2015-04-22 5:53 8 Undefined property: twaConfig::$twa_API_KEY in file /SugarSync/Web/twaframework.8.2/web_content/pages/home/home.php on Line 64
2015-04-22 5:53 8 Undefined index: home in file /SugarSync/Web/twaframework.8.2/system/framework/twaApp.php on Line 178
2015-04-22 5:53 8 Undefined property: twaConfig::$twa_API_KEY in file /SugarSync/Web/twaframework.8.2/system/framework/twaAnalytics.php on Line 27
2015-04-22 5:53 8 Undefined index: home in file /SugarSync/Web/twaframework.8.2/system/framework/twaController.php on Line 130
2015-04-22 5:53 8 Undefined property: twaConfig::$twa_API_KEY in file /SugarSync/Web/twaframework.8.2/web_content/pages/home/home.php on Line 59
2015-04-22 5:53 8 Undefined property: twaConfig::$twa_API_KEY in file /SugarSync/Web/twaframework.8.2/web_content/pages/home/home.php on Line 61
2015-04-22 5:53 8 Undefined property: twaConfig::$twa_API_KEY in file /SugarSync/Web/twaframework.8.2/web_content/pages/home/home.php on Line 64
2015-04-22 5:53 8 Undefined index: home in file /SugarSync/Web/twaframework.8.2/system/framework/twaApp.php on Line 178
2015-04-22 5:53 8 Undefined property: twaConfig::$twa_API_KEY in file /SugarSync/Web/twaframework.8.2/system/framework/twaAnalytics.php on Line 27
2015-04-22 5:53 8 Undefined index: home in file /SugarSync/Web/twaframework.8.2/system/framework/twaController.php on Line 130
2015-04-22 5:53 8 Undefined property: twaConfig::$twa_API_KEY in file /SugarSync/Web/twaframework.8.2/web_content/pages/home/home.php on Line 59
2015-04-22 5:53 8 Undefined property: twaConfig::$twa_API_KEY in file /SugarSync/Web/twaframework.8.2/web_content/pages/home/home.php on Line 61
2015-04-22 5:53 8 Undefined property: twaConfig::$twa_API_KEY in file /SugarSync/Web/twaframework.8.2/web_content/pages/home/home.php on Line 64
2015-04-22 5:53 8 Undefined index: home in file /SugarSync/Web/twaframework.8.2/system/framework/twaApp.php on Line 178
2015-04-22 5:53 8 Undefined property: twaConfig::$twa_API_KEY in file /SugarSync/Web/twaframework.8.2/system/framework/twaAnalytics.php on Line 27
2015-04-22 5:53 8 Undefined index: home in file /SugarSync/Web/twaframework.8.2/system/framework/twaController.php on Line 130
2015-04-22 5:53 8 Undefined property: twaConfig::$twa_API_KEY in file /SugarSync/Web/twaframework.8.2/web_content/pages/home/home.php on Line 59
2015-04-22 5:53 8 Undefined property: twaConfig::$twa_API_KEY in file /SugarSync/Web/twaframework.8.2/web_content/pages/home/home.php on Line 61
2015-04-22 5:53 8 Undefined property: twaConfig::$twa_API_KEY in file /SugarSync/Web/twaframework.8.2/web_content/pages/home/home.php on Line 64
2015-04-22 5:53 8 Undefined index: home in file /SugarSync/Web/twaframework.8.2/system/framework/twaApp.php on Line 178
2015-04-22 5:53 8 Undefined property: twaConfig::$twa_API_KEY in file /SugarSync/Web/twaframework.8.2/system/framework/twaAnalytics.php on Line 27
2015-04-22 5:53 8 Undefined index: home in file /SugarSync/Web/twaframework.8.2/system/framework/twaController.php on Line 130
2015-04-22 5:53 8 Undefined property: twaConfig::$twa_API_KEY in file /SugarSync/Web/twaframework.8.2/web_content/pages/home/home.php on Line 59
2015-04-22 5:53 8 Undefined property: twaConfig::$twa_API_KEY in file /SugarSync/Web/twaframework.8.2/web_content/pages/home/home.php on Line 61
2015-04-22 5:53 8 Undefined property: twaConfig::$twa_API_KEY in file /SugarSync/Web/twaframework.8.2/web_content/pages/home/home.php on Line 64
2015-04-22 5:54 8 Undefined index: home in file /SugarSync/Web/twaframework.8.2/system/framework/twaApp.php on Line 178
2015-04-22 5:54 8 Undefined property: twaConfig::$twa_API_KEY in file /SugarSync/Web/twaframework.8.2/system/framework/twaAnalytics.php on Line 27
2015-04-22 5:54 8 Undefined index: home in file /SugarSync/Web/twaframework.8.2/system/framework/twaController.php on Line 130
2015-04-22 5:54 8 Undefined property: twaConfig::$twa_API_KEY in file /SugarSync/Web/twaframework.8.2/web_content/pages/home/home.php on Line 59
2015-04-22 5:54 8 Undefined property: twaConfig::$twa_API_KEY in file /SugarSync/Web/twaframework.8.2/web_content/pages/home/home.php on Line 61
2015-04-22 5:54 8 Undefined property: twaConfig::$twa_API_KEY in file /SugarSync/Web/twaframework.8.2/web_content/pages/home/home.php on Line 64
2015-04-22 5:54 8 Undefined index: home in file /SugarSync/Web/twaframework.8.2/system/framework/twaApp.php on Line 178
2015-04-22 5:54 8 Undefined property: twaConfig::$twa_API_KEY in file /SugarSync/Web/twaframework.8.2/system/framework/twaAnalytics.php on Line 27
2015-04-22 5:54 8 Undefined index: home in file /SugarSync/Web/twaframework.8.2/system/framework/twaController.php on Line 130
2015-04-22 5:54 8 Undefined property: twaConfig::$twa_API_KEY in file /SugarSync/Web/twaframework.8.2/web_content/pages/home/home.php on Line 59
2015-04-22 5:54 8 Undefined property: twaConfig::$twa_API_KEY in file /SugarSync/Web/twaframework.8.2/web_content/pages/home/home.php on Line 61
2015-04-22 5:54 8 Undefined property: twaConfig::$twa_API_KEY in file /SugarSync/Web/twaframework.8.2/web_content/pages/home/home.php on Line 64
2015-04-22 5:54 8 Undefined index: home in file /SugarSync/Web/twaframework.8.2/system/framework/twaApp.php on Line 178
2015-04-22 5:54 8 Undefined property: twaConfig::$twa_API_KEY in file /SugarSync/Web/twaframework.8.2/system/framework/twaAnalytics.php on Line 27
2015-04-22 5:54 8 Undefined index: home in file /SugarSync/Web/twaframework.8.2/system/framework/twaController.php on Line 130
2015-04-22 5:54 8 Undefined property: twaConfig::$twa_API_KEY in file /SugarSync/Web/twaframework.8.2/web_content/pages/home/home.php on Line 59
2015-04-22 5:54 8 Undefined property: twaConfig::$twa_API_KEY in file /SugarSync/Web/twaframework.8.2/web_content/pages/home/home.php on Line 61
2015-04-22 5:54 8 Undefined property: twaConfig::$twa_API_KEY in file /SugarSync/Web/twaframework.8.2/web_content/pages/home/home.php on Line 64
2015-04-22 5:54 8 Undefined index: home in file /SugarSync/Web/twaframework.8.2/system/framework/twaApp.php on Line 178
2015-04-22 5:54 8 Undefined property: twaConfig::$twa_API_KEY in file /SugarSync/Web/twaframework.8.2/system/framework/twaAnalytics.php on Line 27
2015-04-22 5:54 8 Undefined index: home in file /SugarSync/Web/twaframework.8.2/system/framework/twaController.php on Line 130
2015-04-22 5:54 8 Undefined property: twaConfig::$twa_API_KEY in file /SugarSync/Web/twaframework.8.2/web_content/pages/home/home.php on Line 59
2015-04-22 5:54 8 Undefined property: twaConfig::$twa_API_KEY in file /SugarSync/Web/twaframework.8.2/web_content/pages/home/home.php on Line 61
2015-04-22 5:54 8 Undefined property: twaConfig::$twa_API_KEY in file /SugarSync/Web/twaframework.8.2/web_content/pages/home/home.php on Line 64
2015-04-22 5:54 8 Undefined index: home in file /SugarSync/Web/twaframework.8.2/system/framework/twaApp.php on Line 178
2015-04-22 5:54 8 Undefined property: twaConfig::$twa_API_KEY in file /SugarSync/Web/twaframework.8.2/system/framework/twaAnalytics.php on Line 27
2015-04-22 5:54 8 Undefined index: home in file /SugarSync/Web/twaframework.8.2/system/framework/twaController.php on Line 130
2015-04-22 5:54 8 Undefined property: twaConfig::$twa_API_KEY in file /SugarSync/Web/twaframework.8.2/web_content/pages/home/home.php on Line 59
2015-04-22 5:54 8 Undefined property: twaConfig::$twa_API_KEY in file /SugarSync/Web/twaframework.8.2/web_content/pages/home/home.php on Line 61
2015-04-22 5:54 8 Undefined property: twaConfig::$twa_API_KEY in file /SugarSync/Web/twaframework.8.2/web_content/pages/home/home.php on Line 64
2015-04-22 5:54 8 Undefined index: home in file /SugarSync/Web/twaframework.8.2/system/framework/twaApp.php on Line 178
2015-04-22 5:54 8 Undefined property: twaConfig::$twa_API_KEY in file /SugarSync/Web/twaframework.8.2/system/framework/twaAnalytics.php on Line 27
2015-04-22 5:54 8 Undefined index: home in file /SugarSync/Web/twaframework.8.2/system/framework/twaController.php on Line 130
2015-04-22 5:54 8 Undefined property: twaConfig::$twa_API_KEY in file /SugarSync/Web/twaframework.8.2/web_content/pages/home/home.php on Line 59
2015-04-22 5:54 8 Undefined property: twaConfig::$twa_API_KEY in file /SugarSync/Web/twaframework.8.2/web_content/pages/home/home.php on Line 61
2015-04-22 5:54 8 Undefined property: twaConfig::$twa_API_KEY in file /SugarSync/Web/twaframework.8.2/web_content/pages/home/home.php on Line 64
